time ephemeris and derivative @ t0 =  0.0000000000000000D+00  3.2941952892291764D-10
integral from midnight to t0 and derivative =  1.2270879829431006D-13  3.2941952892291764D-10
epoch range =   2.4431445003725002D+06  2.4587377942957198D+06
2443144.5  5.2250414355560530D-20  3.2941952892286398D-10
2443154.5  3.2809752606903062D-09  3.2749751997652753D-10
2443164.5  6.5355471089441370D-09  3.1971436824521548D-10
2443174.5  9.5968767173488778D-09  2.9055849618855664D-10
2443184.5  1.2345694184847552D-08  2.6045811431420986D-10
2443194.5  1.4792619355695495D-08  2.2548175426293254D-10
2443204.5  1.6792584224685257D-08  1.7313005036411675D-10
2443214.5  1.8270496535010104D-08  1.2454255309030637D-10
2443224.5  1.9276815996661597D-08  7.4057183992706894D-11
2443234.5  1.9708896859084934D-08  1.1794391228517233D-11
2443244.5  1.9549175311443359D-08 -4.0868702003373033D-11
2443254.5  1.8894062915037289D-08 -9.1884185562586785D-11
2443264.5  1.7686992520228954D-08 -1.4927162717040270D-10
2443274.5  1.5965559092536818D-08 -1.9170020525412692D-10
2443284.5  1.3863595252907006D-08 -2.2967064214027612D-10
2443294.5  1.1360434220360794D-08 -2.6995872897983665D-10
2443304.5  8.5367964133485562D-09 -2.9140921417796114D-10
2443314.5  5.5476304196945698D-09 -3.0700819806998642D-10
2443324.5  2.3913690976051731D-09 -3.2259424801907576D-10
2443334.5 -8.2455574428394352D-10 -3.1751335808758303D-10
2443344.5 -3.9435330207275692D-09 -3.0690384798803627D-10
2443354.5 -6.9671124044142658D-09 -2.9567936242692160D-10
2443364.5 -9.7796168778344374D-09 -2.6424404260849996D-10
2443374.5 -1.2242422322708461D-08 -2.2941788550862636D-10
2443384.5 -1.4376115277661540D-08 -1.9501438165783732D-10
2443394.5 -1.6076179440855624D-08 -1.4307520318929172D-10
2443404.5 -1.7240239057026944D-08 -9.1702252154423452D-11
2443414.5 -1.7925350328564159D-08 -4.3270841041408969D-11
2443424.5 -1.8056322620901981D-08  1.8221953581678081D-11
2443434.5 -1.7581639105166088D-08  7.3665785665014276D-11
2443444.5 -1.6607193178006965D-08  1.2263170432576903D-10
2443454.5 -1.5099113735508210D-08  1.7930790479545511D-10
2443464.5 -1.3063102818033752D-08  2.2384599532533725D-10
2443474.5 -1.0655113241618218D-08  2.5840026865515375D-10
2443484.5 -7.8815585937477460D-09  2.9593577123151036D-10
2443494.5 -4.7977435383970800D-09  3.1623234392331236D-10
2443504.5 -1.5942750385448574D-09  3.2460584564309780D-10
2443514.5  1.7002201551393300D-09  3.3352436394930625D-10
2443524.5  5.0040043726107308D-09  3.2279131897863421D-10
2443534.5  8.1221867372395387D-09  3.0102057966334577D-10
2443544.5  1.1034086331293975D-08  2.8055759367240458D-10
2443554.5  1.3662433984959125D-08  2.4147200236081763D-10
2443564.5  1.5841471509089956D-08  1.9510486846902386D-10
2443574.5  1.7587359480253397D-08  1.5348551963781034D-10
2443584.5  1.8852263845834283D-08  9.6985653277385219D-11
2443594.5  1.9521822524414612D-08  3.8667506641900817D-11
2443604.5  1.9664868325189655D-08 -1.0357219454321136D-11
2443614.5  1.9272938089252590D-08 -6.9444568984654561D-11
2443624.5  1.8288160336500103D-08 -1.2467609697253951D-10
2443634.5  1.6831828559874471D-08 -1.6664004455987578D-10
2443644.5  1.4929957336788318D-08 -2.1433195976307551D-10
2443654.5  1.2572393234182515D-08 -2.5337647925212604D-10
2443664.5  9.9206972162145956D-09 -2.7684388024171186D-10
2443674.5  7.0214582639143485D-09 -3.0314882225775557D-10
2443684.5  3.8962408414075237D-09 -3.1746542612854033D-10
2443694.5  7.2838722497815855D-10 -3.1593475584827429D-10
2443704.5 -2.4322464060701597D-09 -3.1623767381258995D-10
2443714.5 -5.5507567598809427D-09 -3.0292048499669310D-10
2443724.5 -8.4427650828778736D-09 -2.7545151749943276D-10
2443734.5 -1.1073196085144500D-08 -2.5086625510701835D-10
2443744.5 -1.3412417318164762D-08 -2.1287546961358697D-10
2443754.5 -1.5295734237254102D-08 -1.6417821523145949D-10
2443764.5 -1.6720722202093937D-08 -1.2141616699297987D-10
2443774.5 -1.7680439286442837D-08 -6.7318236806304819D-11
2443784.5 -1.8048405660920060D-08 -7.3999018959445143D-12
2443794.5 -1.7870581683358220D-08  4.1953487563711113D-11
2443804.5 -1.7175918086867181D-08  9.9066985312198718D-11
2443814.5 -1.5888553802372984D-08  1.5630083859425211D-10
2443824.5 -1.4111416243904588D-08  1.9779093821163867D-10
2443834.5 -1.1912942904764002D-08  2.4293530876850590D-10
2443844.5 -9.2685766665517617D-09  2.8279948315855469D-10
2443854.5 -6.3334584986093614D-09  3.0277212504173414D-10
2443864.5 -3.2049953143989610D-09  3.2326402203989377D-10
2443874.5  1.0522131415386831D-10  3.3486027933144040D-10
2443884.5  3.4117739399298107D-09  3.2519969520562884D-10
2443894.5  6.6138236607427863D-09  3.1546325392813563D-10
2443904.5  9.6927563391994006D-09  2.9614899457280746D-10
2443914.5  1.2465921468395295D-08  2.5777367494715677D-10
2443924.5  1.4860008488873405D-08  2.2180430193306541D-10
2443934.5  1.6880106586342630D-08  1.7837856139699448D-10
2443944.5  1.8376191032487472D-08  1.2090784262345120D-10
2443954.5  1.9325640279242075D-08  7.0597721531657107D-11
2443964.5  1.9775962927962044D-08  1.6397747887296288D-11
2443974.5  1.9624787775553961D-08 -4.5726333252813650D-11
2443984.5  1.8907733689835564D-08 -9.5248605839480358D-11
2443994.5  1.7715834813769683D-08 -1.4527423118179248D-10
2444004.5  1.5993091841971425D-08 -1.9763683967161577D-10
2444014.5  1.3826750721052230D-08 -2.3273963491269196D-10
2444024.5  1.1338869201990800D-08 -2.6615588316534805D-10
2444034.5  8.5078488748877220D-09 -2.9786185696979097D-10
2444044.5  5.4575666066554720D-09 -3.0935390407401742D-10
2444054.5  2.3222200571017495D-09 -3.1850943068675534D-10
2444064.5 -9.0233086545855952D-10 -3.2385055583982713D-10
2444074.5 -4.0740559603435720D-09 -3.0814743637821108D-10
2444084.5 -7.0666504499807663D-09 -2.9105356064462007D-10
2444094.5 -9.8856919103930572D-09 -2.7001853744480220D-10
2444104.5 -1.2390417444871211D-08 -2.2934866515029930D-10
2444114.5 -1.4481440597606783D-08 -1.8987306596380184D-10
2444124.5 -1.6185095352398766D-08 -1.4814590891277201D-10
2444134.5 -1.7380753807508444D-08 -9.0310501931485265D-11
2444144.5 -1.8012906510690097D-08 -3.7874605170753772D-11
2444154.5 -1.8145885487715958D-08  1.3700804884534931D-11
2444164.5 -1.7694906220518417D-08  7.6227516312126606D-11
2444174.5 -1.6660445555361699D-08  1.2792660624798891D-10
2444184.5 -1.5154877135503440D-08  1.7506068556414815D-10
2444194.5 -1.3136902164075072D-08  2.2740551557806767D-10
2444204.5 -1.0664714083829219D-08  2.6337407095148076D-10
2444214.5 -7.8949720605247193D-09  2.9180626728476199D-10
2444224.5 -4.8237101642771441D-09  3.2073259453908635D-10
2444234.5 -1.5529760540849826D-09  3.2929254716627557D-10
2444244.5  1.7370247004949327D-09  3.2950582120251441D-10
2444254.5  5.0344907150028344D-09  3.2814076703650183D-10
2444264.5  8.2214978359130219D-09  3.0539566505765115D-10
2444274.5  1.1126498002196998D-08  2.7643067526841856D-10
2444284.5  1.3751955534576706D-08  2.4712505803226918D-10
2444294.5  1.5995410007017327D-08  1.9863172173857757D-10
2444304.5  1.7724800127430827D-08  1.4858801824642363D-10
2444314.5  1.8982552438856083D-08  1.0194853810788717D-10
2444324.5  1.9702947303391890D-08  4.0477049367281338D-11
2444334.5  1.9811141084886085D-08 -1.6687832978481745D-11
2444344.5  1.9400802476314690D-08 -6.5963620441006452D-11
2444354.5  1.8447519424751580D-08 -1.2511624500259944D-10
2444364.5  1.6934644937876203D-08 -1.7445779209105382D-10
2444374.5  1.5002509378768439D-08 -2.1237387227676897D-10
2444384.5  1.2658800748960771D-08 -2.5589408995575701D-10
2444394.5  9.9334728333456908D-09 -2.8546406629924362D-10
2444404.5  6.9985065520976889D-09 -3.0196790013424034D-10
2444414.5  3.8778428034626678D-09 -3.2123470718196541D-10
2444424.5  6.3008991976405407D-10 -3.2418001693460043D-10
2444434.5 -2.5608714644606533D-09 -3.1461301376260083D-10
2444444.5 -5.6729091815455796D-09 -3.0684145838786783D-10
2444454.5 -8.6391388265828221D-09 -2.8223852819473137D-10
2444464.5 -1.1284660962054311D-08 -2.4774224987562741D-10
2444474.5 -1.3606971727419896D-08 -2.1609960623917369D-10
2444484.5 -1.5550538351538370D-08 -1.6890393247756027D-10
2444494.5 -1.6969436438370283D-08 -1.1621556053568128D-10
2444504.5 -1.7897836153057057D-08 -6.9422103635827445D-11
2444514.5 -1.8308769728977010D-08 -9.9898497276077763D-12
2444524.5 -1.8102526955973846D-08  4.9202439137475823D-11
2444534.5 -1.7363471763815983D-08  9.8010663592344432D-11
2444544.5 -1.6104074065013038D-08  1.5541760066739871D-10
2444554.5 -1.4280454063641675D-08  2.0643220163330036D-10
2444564.5 -1.2031210247389193D-08  2.4236556138648145D-10
2444574.5 -9.4072478493320731D-09  2.8281967311865081D-10
2444584.5 -6.4160727422211937D-09  3.1178582374952447D-10
2444594.5 -3.2391516566743273D-09  3.2251237547614340D-10
2444604.5  5.0812309285066251D-11  3.3517798131533672D-10
2444614.5  3.4161992935743820D-09  3.3384161023183587D-10
2444624.5  6.6592455231884517D-09  3.1415396592489895D-10
2444634.5  9.7143767341848083D-09  2.9654164670521151D-10
2444644.5  1.2545399033128953D-08  2.6562058119110659D-10
2444654.5  1.4970582907966715D-08  2.1966499583295802D-10
2444664.5  1.6961222751688030D-08  1.7868265743707233D-10
2444674.5  1.8510528804379651D-08  1.2754582279808352D-10
2444684.5  1.9477693527446204D-08  6.7132839742784624D-11
2444694.5  1.9889151793140710D-08  1.6212956828268357D-11
2444704.5  1.9780890927806696D-08 -4.0823295533232485D-11
2444714.5  1.9062879890953609D-08 -1.0064728210516691D-10
2444724.5  1.7818682101641988D-08 -1.4635288555684963D-10
2444734.5  1.6124013787960172D-08 -1.9473679214541559D-10
2444744.5  1.3935193096610617D-08 -2.4025781471963136D-10
2444754.5  1.1381832088292847D-08 -2.6810565475937471D-10
2444764.5  8.5649483149031106D-09 -2.9665302879460161D-10
2444774.5  5.4736153219338467D-09 -3.1848123154124848D-10
2444784.5  2.2657116358462293D-09 -3.2079647890529259D-10
2444794.5 -9.5190726734636687D-10 -3.2354435214453909D-10
2444804.5 -4.1752629479547128D-09 -3.1787401340477025D-10
2444814.5 -7.2377866175156055D-09 -2.9284590825294104D-10
2444824.5 -1.0047270330115342D-08 -2.6967147393920700D-10
2444834.5 -1.2604148814061309D-08 -2.3852826771809831D-10
2444844.5 -1.4752464921366646D-08 -1.9029653971151466D-10
2444854.5 -1.6434390108739425D-08 -1.4695279455622343D-10
2444864.5 -1.7673707486726922D-08 -9.7978071199448870D-11
2444874.5 -1.8343025567800459D-08 -3.6236325132948171D-11
2444884.5 -1.8435704589628703D-08  1.6204149211821458D-11
2444894.5 -1.8014343514210325D-08  7.0604426787109712D-11
2444904.5 -1.6993926500528004D-08  1.3193813888034106D-10
2444914.5 -1.5428248629175485D-08  1.7886370251633934D-10
2444924.5 -1.3425287076949745D-08  2.2376164237668654D-10
2444934.5 -1.0946252376517727D-08  2.6956412325473325D-10
2444944.5 -8.1009340291188020D-09  2.9642031002154948D-10
2444954.5 -5.0343746462222034D-09  3.1845585788717404D-10
2444964.5 -1.7421890205697568D-09  3.3702165506940156D-10
2444974.5  1.6308066733848493D-09  3.3418117322998160D-10
2444984.5  4.9271590001224238D-09  3.2642474493819838D-10
2444994.5  8.1433604713024986D-09  3.1393602271480119D-10
2445004.5  1.1131375742680514D-08  2.8060587324898976D-10
2445014.5  1.3754346930998196D-08  2.4544663664566442D-10
2445024.5  1.6030660971803677D-08  2.0746139424688192D-10
2445034.5  1.7838054660617256D-08  1.5192318617215500D-10
2445044.5  1.9087796700329114D-08  9.9908064959780328D-11
2445054.5  1.9840451457168198D-08  4.8968064802941281D-11
2445064.5  2.0015598450422319D-08 -1.4688637220299531D-11
2445074.5  1.9585481032599490D-08 -6.8890820378699792D-11
2445084.5  1.8657308367554094D-08 -1.1783312832872756D-10
2445094.5  1.7192568731098537D-08 -1.7453008167459482D-10
2445104.5  1.5221140977120293D-08 -2.1678237279164584D-10
2445114.5  1.2888050148564004D-08 -2.5067781124533812D-10
2445124.5  1.0185431560046558D-08 -2.8826693035779816D-10
2445134.5  7.1864820398269561D-09 -3.0816821275864100D-10
2445144.5  4.0579801497429372D-09 -3.1845894043850983D-10
2445154.5  8.0585512425890226D-10 -3.2989358658210403D-10
2445164.5 -2.4728976879281407D-09 -3.2234225835632609D-10
2445174.5 -5.6087403519322583D-09 -3.0607618834565467D-10
2445184.5 -8.6007096905183071D-09 -2.9024574682448966D-10
2445194.5 -1.1348762489869850D-08 -2.5598478980158079D-10
2445204.5 -1.3700665314868521D-08 -2.1610162090035824D-10
2445214.5 -1.5678988894989300D-08 -1.7789521859764817D-10
2445224.5 -1.7200438212322863D-08 -1.2353633250331750D-10
2445234.5 -1.8149980821522307D-08 -6.8614464087207004D-11
2445244.5 -1.8590000669180847D-08 -1.8405945951720247D-11
2445254.5 -1.8470621752974500D-08  4.4189411243221907D-11
2445264.5 -1.7730315775603322D-08  1.0103021279638563D-10
2445274.5 -1.6481521723920379D-08  1.4893140884021223D-10
2445284.5 -1.4716903172185287D-08  2.0466157231344424D-10
2445294.5 -1.2434603654239847D-08  2.4836786928178334D-10
2445304.5 -9.7958020504871575D-09  2.7899820438485564D-10
2445314.5 -6.8310324096953663D-09  3.1345831909678813D-10
2445324.5 -3.5878218414490832D-09  3.3135399199569600D-10
2445334.5 -2.5915396358875260D-10  3.3388301518870293D-10
2445344.5  3.1079589259402539D-09  3.3835607031876359D-10
2445354.5  6.4431032683257249D-09  3.2482053519225438D-10
2445364.5  9.5511355875295781D-09  2.9683605383292000D-10
2445374.5  1.2400344197791915D-08  2.7181540648236122D-10
2445384.5  1.4930024006463979D-08  2.3065348629397553D-10
2445394.5  1.6974019606045446D-08  1.7923752644486507D-10
2445404.5  1.8544187350511012D-08  1.3415955481502198D-10
2445414.5  1.9614035946104714D-08  7.6984118108821633D-11
2445424.5  2.0066630409262052D-08  1.5775648130487161D-11
2445434.5  1.9970513455146005D-08 -3.4833320811147895D-11
2445444.5  1.9341650301015230D-08 -9.3059334809755785D-11
2445454.5  1.8116590101703095D-08 -1.4881824107198748D-10
2445464.5  1.6416739936617812D-08 -1.9024303665037091D-10
2445474.5  1.4293955621279188D-08 -2.3576689097991776D-10
2445484.5  1.1729755087123618D-08 -2.7344822702046689D-10
2445494.5  8.8836581495421768D-09 -2.9438761326667320D-10
2445504.5  5.8281284000351491D-09 -3.1757770164519849D-10
2445514.5  2.5743343637332796D-09 -3.2942892474276501D-10
2445524.5 -6.9896398881613768D-10 -3.2377489195187563D-10
2445534.5 -3.9178284145624682D-09 -3.2039371722095231D-10
2445544.5 -7.0594497736519086D-09 -3.0432900768030634D-10
2445554.5 -9.9454910445702385D-09 -2.7184419705741944D-10
2445564.5 -1.2521066043755604D-08 -2.4344938622775107D-10
2445574.5 -1.4770458303998637D-08 -2.0319898814625054D-10
2445584.5 -1.6535158079566271D-08 -1.4962733659232767D-10
2445594.5 -1.7799289301078224D-08 -1.0353414374320478D-10
2445604.5 -1.8572555435691974D-08 -4.8441995411978471D-11
2445614.5 -1.8734300190492112D-08  1.4927985385674169D-11
2445624.5 -1.8323737128805370D-08  6.6306607683879986D-11
2445634.5 -1.7390089567572122D-08  1.2246582378823146D-10
2445644.5 -1.5861912691919280D-08  1.8068350875464980D-10
2445654.5 -1.3839436442196731D-08  2.2218162972167319D-10
2445664.5 -1.1415009584280210D-08  2.6419165189486746D-10
2445674.5 -8.5650773801107904D-09  3.0231307462793960D-10
2445684.5 -5.4414266729862342D-09  3.2015224679096012D-10
2445694.5 -2.1669276102734026D-09  3.3594111129920814D-10
2445704.5  1.2519231743820937D-09  3.4395683492090988D-10
2445714.5  4.6375858414166283D-09  3.3071926857629098D-10
2445724.5  7.8647821296482654D-09  3.1596890364228531D-10
2445734.5  1.0926588052594706D-08  2.9279377981849519D-10
2445744.5  1.3653584279964394D-08  2.5055293239672388D-10
2445754.5  1.5951164377895462D-08  2.1054257389964663D-10
2445764.5  1.7840478039918072D-08  1.6446804829964407D-10
2445774.5  1.9188146248247188D-08  1.0393461729707488D-10
2445784.5  1.9954091879229401D-08  5.1268172754169315D-11
2445794.5  2.0202867290241024D-08 -3.4793580614220761D-12
2445804.5  1.9849144004146498D-08 -6.7186849396521266D-11
2445814.5  1.8914373557448731D-08 -1.1735818189397408D-10
2445824.5  1.7505649378083753D-08 -1.6564272223312526D-10
2445834.5  1.5581359969252725D-08 -2.1791258056261149D-10
2445844.5  1.3216582771874692D-08 -2.5234898687477838D-10
2445854.5  1.0548667106663149D-08 -2.8215264581987319D-10
2445864.5  7.5649845602082205D-09 -3.1229141883562493D-10
2445874.5  4.3779912911679280D-09 -3.2227986968076943D-10
2445884.5  1.1377959194182019D-09 -3.2676399688689972D-10
2445894.5 -2.1578789479964450D-09 -3.2951003258494031D-10
2445904.5 -5.3785347055574720D-09 -3.1185779489542307D-10
2445914.5 -8.3804227575538311D-09 -2.8995617252116575D-10
2445924.5 -1.1174242616362148D-08 -2.6589261692541566D-10
2445934.5 -1.3631768484616676D-08 -2.2316709466564830D-10
2445944.5 -1.5635156283829680D-08 -1.7957348721836548D-10
2445954.5 -1.7221219879350781D-08 -1.3516032034077208D-10
2445964.5 -1.8284226753128988D-08 -7.5613152263748601D-11
2445974.5 -1.8750707180951354D-08 -2.0421332030817676D-11
2445984.5 -1.8698539776982197D-08  3.2553939775788733D-11
2445994.5 -1.8061093651681195D-08  9.5856918697261929D-11
2446004.5 -1.6822464850112232D-08  1.4851702014221461D-10
2446014.5 -1.5109428179687088D-08  1.9492025464275156D-10
2446024.5 -1.2901004667321670D-08  2.4661143228041453D-10
2446034.5 -1.0240371770754750D-08  2.8173052089787504D-10
2446044.5 -7.2976484977270308D-09  3.0701549710601185D-10
2446054.5 -4.0877113986252934D-09  3.3382351878597566D-10
2446064.5 -6.9780588521487036D-10  3.4027762295432750D-10
2446074.5  2.6807025618362089D-09  3.3554760741926742D-10
2446084.5  6.0232022446598133D-09  3.3118340151321835D-10
2446094.5  9.2273685032333602D-09  3.0612011550818742D-10
2446104.5  1.2113363365207112D-08  2.7179343434040452D-10
2446114.5  1.4679315040660966D-08  2.3956405102761412D-10
2446124.5  1.6839442242234219D-08  1.8966426817662480D-10
2446134.5  1.8455296163552897D-08  1.3530019852990667D-10
2446144.5  1.9572126643697075D-08  8.6675212508241837D-11
2446154.5  2.0141925361130636D-08  2.5377209329040097D-11
2446164.5  2.0082931816541290D-08 -3.4199086263819567D-11
2446174.5  1.9495294705760843D-08 -8.4021837484506754D-11
2446184.5  1.8373432790721761D-08 -1.4146178131440019D-10
2446194.5  1.6690407985231461D-08 -1.9125863408859228D-10
2446204.5  1.4593263915335624D-08 -2.2821071941017877D-10
2446214.5  1.2109401089566859D-08 -2.6908736342386710D-10
2446224.5  9.2540268334310487D-09 -2.9766567465345354D-10
2446234.5  6.2045589407427471D-09 -3.1186950130469174D-10
2446244.5  3.0044561861364941D-09 -3.2827690127887843D-10
2446254.5 -3.0590282903760735D-10 -3.2952794851207446D-10
2446264.5 -3.5389382518354381D-09 -3.1669434133300633D-10
2446274.5 -6.6550143510484823D-09 -3.0636602039963541D-10
2446284.5 -9.6064960528268122D-09 -2.8011381444244352D-10
2446294.5 -1.2216501052878964D-08 -2.4190341474089614D-10
2446304.5 -1.4469043628442514D-08 -2.0829877348040978D-10
2446314.5 -1.6327067256405919D-08 -1.6020615391565632D-10
2446324.5 -1.7644009728245816D-08 -1.0403308761952869D-10
2446334.5 -1.8445508807306844D-08 -5.6046842035328389D-11
2446344.5 -1.8721985657525425D-08  2.9841530849002151D-12
2446354.5 -1.8373215482584744D-08  6.4738322689299623D-11
2446364.5 -1.7479720980343289D-08  1.1378895673031928D-10
2446374.5 -1.6071427956624772D-08  1.6922877212697195D-10
2446384.5 -1.4101942204207664D-08  2.2135827332527291D-10
2446394.5 -1.1709401811092062D-08  2.5641485527394983D-10
2446404.5 -8.9631392352340298D-09  2.9353245525254956D-10
2446414.5 -5.8636920823652917D-09  3.2206170740280988D-10
2446424.5 -2.5932997381260283D-09  3.3085782320115045D-10
2446434.5  7.5646041894647889D-10  3.3954582557580916D-10
2446444.5  4.1606723132736868D-09  3.3667771178730285D-10
2446454.5  7.4221314462784970D-09  3.1445760639121103D-10
2446464.5  1.0457260612665665D-08  2.9324235169272512D-10
2446474.5  1.3247360104174289D-08  2.6060569959356317D-10
2446484.5  1.5614636029075406D-08  2.1219158237610001D-10
2446494.5  1.7513924938825070D-08  1.6884163290657560D-10
2446504.5  1.8958175186076485D-08  1.1681814353182821D-10
2446514.5  1.9814185870581910D-08  5.4572424371115431D-11
2446524.5  2.0093119303694040D-08  2.8874155180762568D-12
2446534.5  1.9850350413733999D-08 -5.3526776630908698D-11
2446544.5  1.9005111641120097D-08 -1.1434959938933246D-10
2446554.5  1.7626472832273435D-08 -1.5940127032240699D-10
2446564.5  1.5807728681658801D-08 -2.0554975584113044D-10
2446574.5  1.3512792727507423D-08 -2.5130378922470970D-10
2446584.5  1.0858037776800829D-08 -2.7760021962677156D-10
2446594.5  7.9601735264645987D-09 -3.0268823366278475D-10
2446604.5  4.8112985482674149D-09 -3.2413537332974331D-10
2446614.5  1.5581191044129222D-09 -3.2457808419934767D-10
2446624.5 -1.6780267591501829D-09 -3.2332288230539438D-10
2446634.5 -4.8962817750304267D-09 -3.1686127386999851D-10
2446644.5 -7.9394303986061269D-09 -2.9013962506092979D-10
2446654.5 -1.0701132831122623D-08 -2.6323849774565702D-10
2446664.5 -1.3191184549540095D-08 -2.3125695692774800D-10
2446674.5 -1.5262713239718073D-08 -1.8189864155485329D-10
2446684.5 -1.6843077880278490D-08 -1.3588468728360169D-10
2446694.5 -1.7970531205856461D-08 -8.6567756805958985D-11
2446704.5 -1.8528123845803484D-08 -2.4478779854207914D-11
2446714.5 -1.8492579702666320D-08  2.9074981631181697D-11
2446724.5 -1.7944020254729738D-08  8.2809485214193705D-11
2446734.5 -1.6809289662116862D-08  1.4377928055478331D-10
2446744.5 -1.5123166754184014D-08  1.9023466087588405D-10
2446754.5 -1.3011791906127401D-08  2.3325741212461451D-10
2446764.5 -1.0448177116690004D-08  2.7825515979597939D-10
2446774.5 -7.5219190584958837D-09  3.0342782984410484D-10
2446784.5 -4.3950129027535773D-09  3.2248971622366018D-10
2446794.5 -1.0728175422155917D-09  3.4006414258376084D-10
2446804.5  2.3196681394912431D-09  3.3502652148098762D-10
2446814.5  5.6110935454790243D-09  3.2368505192260118D-10
2446824.5  8.7921985225223205D-09  3.1032318679299741D-10
2446834.5  1.1733405514014774D-08  2.7517618944775836D-10
2446844.5  1.4287182769967407D-08  2.3652819327315897D-10
2446854.5  1.6471310012409094D-08  1.9814705908621416D-10
2446864.5  1.8180867354464283D-08  1.4198104603009369D-10
2446874.5  1.9317850744498828D-08  8.7337045928693238D-11
2446884.5  1.9947352627815794D-08  3.6779488385258216D-11
2446894.5  2.0005150119333602D-08 -2.6024678431682682D-11
2446904.5  1.9452306632822920D-08 -8.1521700785894185D-11
2446914.5  1.8404846393950010D-08 -1.2923910406620085D-10
2446924.5  1.6839210043739011D-08 -1.8390091845506551D-10
2446934.5  1.4769954352351860D-08 -2.2603081663052413D-10
2446944.5  1.2353645814259977D-08 -2.5800120403144277D-10
2446954.5  9.5959506559007363D-09 -2.9303477190408371D-10
2446964.5  6.5504379263034267D-09 -3.1170675280909538D-10
2446974.5  3.3959732252320213D-09 -3.1962651152875258D-10
2446984.5  1.5062089049543184D-10 -3.2869097864658549D-10
2446994.5 -3.1110400763776830D-09 -3.1940011687345805D-10
2447004.5 -6.2089236299466770D-09 -3.0058280502112159D-10
2447014.5 -9.1312861843338686D-09 -2.8309161636343437D-10
2447024.5 -1.1801519650796696D-08 -2.4733768306123673D-10
2447034.5 -1.4059490106791384D-08 -2.0501121562299900D-10
2447044.5 -1.5919010823176666D-08 -1.6619823099590264D-10
2447054.5 -1.7320202203763666D-08 -1.1138340776318177D-10
2447064.5 -1.8142174468130877D-08 -5.4519070065591916D-11
2447074.5 -1.8442069992201109D-08 -4.9882367947201719D-12
2447084.5 -1.8192614689532619D-08  5.6440379857187410D-11
2447094.5 -1.7326125032850769D-08  1.1427600800348685D-10
2447104.5 -1.5954490935509786D-08  1.6021607185546508D-10
2447114.5 -1.4090628971620235D-08  2.1310481133084087D-10
2447124.5 -1.1723171016495462D-08  2.5665047719546957D-10
2447134.5 -9.0168826563083478D-09  2.8448060097482012D-10
2447144.5 -6.0184752115574815D-09  3.1505408263469318D-10
2447154.5 -2.7605795549504004D-09  3.3192436972615478D-10
2447164.5  5.5828733134657811D-10  3.3161617134314629D-10
2447174.5  3.8791424048192314D-09  3.3222462206830409D-10
2447184.5  7.1519650659800952D-09  3.1751207286341622D-10
2447194.5  1.0176598028748795D-08  2.8742010280066037D-10
2447204.5  1.2911714098244536D-08  2.5962632857727809D-10
2447214.5  1.5321086676797387D-08  2.1792980739252456D-10
2447224.5  1.7235209144688453D-08  1.6549915572815741D-10
2447234.5  1.8656270363029849D-08  1.1940622972443746D-10
2447244.5  1.9584008631751362D-08  6.2856482585878122D-11
2447254.5  1.9899253230339181D-08  1.6105764350832464D-12
2447264.5  1.9659859553617091D-08 -4.8171152506626127D-11
2447274.5  1.8907078946476038D-08 -1.0448316584621022D-10
2447284.5  1.7575037778930167D-08 -1.5966846937789882D-10
2447294.5  1.5774453855356907D-08 -1.9883821108367039D-10
2447304.5  1.3579058406742400D-08 -2.4133008700242952D-10
2447314.5  1.0966571675899998D-08 -2.7817225089878377D-10
2447324.5  8.0875470416069918D-09 -2.9613317099655323D-10
2447334.5  5.0314887515075218D-09 -3.1553542418866229D-10
2447344.5  1.8032979804468089D-09 -3.2654007678168605D-10
2447354.5 -1.4249849414411935D-09 -3.1802519530724268D-10
2447364.5 -4.5672752072384173D-09 -3.1071370471654476D-10
2447374.5 -7.6109957531829701D-09 -2.9414774021232044D-10
2447384.5 -1.0382940053049108D-08 -2.5971307474648483D-10
2447394.5 -1.2818893212396191D-08 -2.2802267132822175D-10
2447404.5 -1.4918390263227704D-08 -1.8802619696090302D-10
2447414.5 -1.6527243404529593D-08 -1.3389035911519552D-10
2447424.5 -1.7620380345611092D-08 -8.5922035032156521D-11
2447434.5 -1.8227919364608171D-08 -3.2203484056964766D-11
2447444.5 -1.8232757452844497D-08  3.0293665138162332D-11
2447454.5 -1.7663113882877268D-08  8.1599932006700816D-11
2447464.5 -1.6592279699761046D-08  1.3509602276058711D-10
2447474.5 -1.4951422986776944D-08  1.9127734787497910D-10
2447484.5 -1.2827575191521281D-08  2.3070217116260087D-10
2447494.5 -1.0337269654248687D-08  2.6890405117611887D-10
2447504.5 -7.4578276639970128D-09  3.0446502089603717D-10
2447514.5 -4.3253376536654962D-09  3.1894754906347269D-10
2447524.5 -1.0825770935510602D-09  3.3042245392425824D-10
2447534.5  2.2658526017361251D-09  3.3637595694772724D-10
2447544.5  5.5605535200382114D-09  3.1985179381488212D-10
2447554.5  8.6627597583327709D-09  3.0123583512318533D-10
2447564.5  1.1570606755426810D-08  2.7749700161059567D-10
2447574.5  1.4133643328948615D-08  2.3334615625216276D-10
2447584.5  1.6248571724463228D-08  1.9070144411147466D-10
2447594.5  1.7944584921994261D-08  1.4600036127280012D-10
2447604.5  1.9105244874470035D-08  8.5569302794606659D-11
2447614.5  1.9682945963554817D-08  3.1821377500907524D-11
2447624.5  1.9753019985353637D-08 -1.9894648682553672D-11
2447634.5  1.9242540717638200D-08 -8.1653232687784176D-11
2447644.5  1.8163457258306726D-08 -1.3144488505767699D-10
2447654.5  1.6635974097070994D-08 -1.7576802786915867D-10
2447664.5  1.4625718003973067D-08 -2.2492941414713600D-10
2447674.5  1.2194772792787473D-08 -2.5784556154843358D-10
2447684.5  9.4949394390887413D-09 -2.8352062873924221D-10
2447694.5  6.5170661575684943D-09 -3.1026238026314329D-10
2447704.5  3.3567025658584480D-09 -3.1806412403349830D-10
2447714.5  1.7816406291990106D-10 -3.1880250707212028D-10
2447724.5 -3.0190314859321581D-09 -3.1874867702021908D-10
2447734.5 -6.1251625924989583D-09 -2.9888937442915976D-10
2447744.5 -8.9840564465786985D-09 -2.7398521871158235D-10
2447754.5 -1.1605252185906313D-08 -2.4854831814711910D-10
2447764.5 -1.3884391860535648D-08 -2.0436971542811465D-10
2447774.5 -1.5693645149619980D-08 -1.5881889678418778D-10
2447784.5 -1.7069672385159256D-08 -1.1505366741545207D-10
2447794.5 -1.7931530412705147D-08 -5.5507001297282823D-11
2447804.5 -1.8197681311674269D-08  3.4419772816120742D-13
2447814.5 -1.7947803061986622D-08  5.0518352501089196D-11
2447824.5 -1.7137966177727057D-08  1.1197205660539596D-10
2447834.5 -1.5744643886781373D-08  1.6391259757715984D-10
2447844.5 -1.3898640104585297D-08  2.0579459559618662D-10
2447854.5 -1.1596983873217517D-08  2.5390847402872322D-10
2447864.5 -8.8732489717687850D-09  2.8720371161402478D-10
2447874.5 -5.9029166340693309D-09  3.0719751312373804D-10
2447884.5 -2.7129140126354907D-09  3.2948783445693839D-10
2447894.5  6.2420874197065506D-10  3.3375219846863349D-10
2447904.5  3.9118253334287420D-09  3.2425662764850073D-10
2447914.5  7.1190035088922662D-09  3.1582611335202962D-10
2447924.5  1.0165476587609739D-08  2.8926631311681818D-10
2447934.5  1.2866549599844592D-08  2.5190925424480938D-10
2447944.5  1.5217481110839692D-08  2.1745238607808004D-10
2447954.5  1.7160542111900186D-08  1.6749746784508877D-10
2447964.5  1.8551349436184626D-08  1.1231187531447543D-10
2447974.5  1.9432914070820115D-08  6.3989171240587843D-11
2447984.5  1.9787458855098085D-08  4.2159640413410233D-12
2447994.5  1.9525207693250017D-08 -5.4293355215897428D-11
2448004.5  1.8742758867587168D-08 -1.0147142124015177D-10
2448014.5  1.7462544693097897D-08 -1.5614590415503726D-10
2448024.5  1.5648012262839114D-08 -2.0377089794053590D-10
2448034.5  1.3441110226113020D-08 -2.3650291719959616D-10
2448044.5  1.0892245864045003D-08 -2.7382029549234825D-10
2448054.5  8.0059904571757076D-09 -3.0000313227065812D-10
2448064.5  4.9536074652567722D-09 -3.0945383922327921D-10
2448074.5  1.7956687601638388D-09 -3.2200043390367007D-10
2448084.5 -1.4396357291261298D-09 -3.2138892410931945D-10
2448094.5 -4.5704967486077319D-09 -3.0427127992429177D-10
2448104.5 -7.5452775131489373D-09 -2.9033670527999899D-10
2448114.5 -1.0331752434697914D-08 -2.6324132901156657D-10
2448124.5 -1.2756746160682438D-08 -2.2203278382223399D-10
2448134.5 -1.4796238486561738D-08 -1.8577760719967052D-10
2448144.5 -1.6433540871985654D-08 -1.3815621100875840D-10
2448154.5 -1.7522863122059119D-08 -8.0901187532266717D-11
2448164.5 -1.8084558960499731D-08 -3.1992472836064606D-11
2448174.5 -1.8134412952157264D-08  2.5063019280651825D-11
2448184.5 -1.7570052449718820D-08  8.5690507267874046D-11
2448194.5 -1.6467383751570141D-08  1.3344636977095984D-10
2448204.5 -1.4884364702548490D-08  1.8543177704390756D-10
2448214.5 -1.2769889240455897D-08  2.3453629759717930D-10
2448224.5 -1.0255282751421884D-08  2.6623420905548708D-10
2448234.5 -7.4370750573168499D-09  2.9882447459116928D-10
2448244.5 -4.3084968591271200D-09  3.2343872322167090D-10
2448254.5 -1.0404439708697089D-09  3.2770573076536748D-10
2448264.5  2.2521917008497006D-09  3.3161885997746783D-10
2448274.5  5.5550106870079862D-09  3.2539886570442178D-10
2448284.5  8.6866158381847484D-09  2.9883292789784684D-10
2448294.5  1.1545561843318258D-08  2.7362539621576279D-10
2448304.5  1.4127442101161156D-08  2.3953977998716674D-10
2448314.5  1.6271756625872751D-08  1.8827899474050332D-10
2448324.5  1.7920933752352038D-08  1.4258825226509554D-10
2448334.5  1.9105571810259073D-08  9.1688160808815671D-11
2448344.5  1.9706847674299427D-08  2.8906986011419557D-11
2448354.5  1.9727491045333140D-08 -2.3113214251111870D-11
2448364.5  1.9242233843292333D-08 -7.6069902207674456D-11
2448374.5  1.8178440392987041D-08 -1.3506497885757615D-10
2448384.5  1.6598082253890808D-08 -1.7869638130982485D-10
2448394.5  1.4613902684159819D-08 -2.1993245484990721D-10
2448404.5  1.2191072975787381D-08 -2.6213147195002027D-10
2448414.5  9.4371971654735809D-09 -2.8585856136915455D-10
2448424.5  6.4879197668344705D-09 -3.0562135862199489D-10
2448434.5  3.3310447887871412D-09 -3.2285740043201959D-10
2448444.5  1.0055997743158572D-10 -3.2026216336912643D-10
2448454.5 -3.0637236966681320D-09 -3.1416260574006454D-10
2448464.5 -6.1690314886405427D-09 -3.0402100350372957D-10
2448474.5 -9.0752135297017484D-09 -2.7442593043823622D-10
2448484.5 -1.1658227947280781D-08 -2.4379540536955310D-10
2448494.5 -1.3938325671370546D-08 -2.0967379400693799D-10
2448504.5 -1.5788459247324690D-08 -1.5822539365907999D-10
2448514.5 -1.7120405067316955D-08 -1.1000762487007768D-10
2448524.5 -1.7984579579321448D-08 -6.0824921351181500D-11
2448534.5 -1.8284518776756202D-08  1.8252998644254473D-12
2448544.5 -1.7985277326030831D-08  5.5731162065809904D-11
2448554.5 -1.7180190099277449D-08  1.0666304199422440D-10
2448564.5 -1.5814678031965193D-08  1.6602781615369310D-10
2448574.5 -1.3915375031774093D-08  2.1094492402635451D-10
2448584.5 -1.1621469451100407D-08  2.4871560766989186D-10
2448594.5 -8.9199161015335378D-09  2.8992354220830539D-10
2448604.5 -5.8920795425858342D-09  3.1223378950270222D-10
2448614.5 -2.7111506213808746D-09  3.2469353047356581D-10
2448624.5  6.1069400614120199D-10  3.3728779496653737D-10
2448634.5  3.9610344990077358D-09  3.2918356920003112D-10
2448644.5  7.1590562703173594D-09  3.1150436534747078D-10
2448654.5  1.0196190323264665D-08  2.9353753887894207D-10
2448664.5  1.2961694529709774D-08  2.5624308694360889D-10
2448674.5  1.5299023925066312D-08  2.1302054299161884D-10
2448684.5  1.7232478415649842D-08  1.7187453793685719D-10
2448694.5  1.8681050739380688D-08  1.1519984555903992D-10
2448704.5  1.9537062506411120D-08  5.8603660872300668D-11
2448714.5  1.9874645531543873D-08  7.9691772491273352D-12
2448724.5  1.9655595239978070D-08 -5.3494836563106725D-11
2448734.5  1.8830364634423589D-08 -1.0832071591177066D-10
2448744.5  1.7522912858944625D-08 -1.5333533953541769D-10
2448754.5  1.5734641438895567D-08 -2.0503123420695448D-10
2448764.5  1.3468519185809260D-08 -2.4461039130461879D-10
2448774.5  1.0885676542848027D-08 -2.7166276521403964D-10
2448784.5  8.0130317599233778D-09 -3.0265370807871573D-10
2448794.5  4.8912578012015874D-09 -3.1801680417023697D-10
2448804.5  1.7005238982930760D-09 -3.1982444672590494D-10
2448814.5 -1.5256275225171749D-09 -3.2451427068023600D-10
2448824.5 -4.7274373353205132D-09 -3.1226886130469956D-10
2448834.5 -7.7250021756828128D-09 -2.8741394737822552D-10
2448844.5 -1.0498199327730528D-08 -2.6605296751714012D-10
2448854.5 -1.2987761207363352D-08 -2.2858155103117488D-10
2448864.5 -1.5033230307742270D-08 -1.8156262608706114D-10
2448874.5 -1.6646986935259531D-08 -1.4021057447695948D-10
2448884.5 -1.7789303340277092D-08 -8.5474470598431102D-11
2448894.5 -1.8337198690538962D-08 -2.6245245216872370D-11
2448904.5 -1.8351163141853977D-08  2.3813961401203424D-11
2448914.5 -1.7826787685622249D-08  8.3165544143472469D-11
2448924.5 -1.6691960033562432D-08  1.4061704347734583D-10
2448934.5 -1.5062984418907558D-08  1.8470616119805095D-10
2448944.5 -1.2977732376057554D-08  2.3369521549930402D-10
2448954.5 -1.0417493507723420D-08  2.7442321417024941D-10
2448964.5 -7.5485812954584550D-09  2.9816212349562010D-10
2448974.5 -4.4429388964204578D-09  3.2365814816309679D-10
2448984.5 -1.1217888963820319D-09  3.3637512288766069D-10
2448994.5  2.2203404222598273D-09  3.3057854850851267D-10
2449004.5  5.5020438804613555D-09  3.2607359707653217D-10
2449014.5  8.6894512292030383D-09  3.0748125173343079D-10
2449024.5  1.1591885959829633D-08  2.7191063569908133D-10
2449034.5  1.4151037035293726D-08  2.4021669367502864D-10
2449044.5  1.6350326542763409D-08  1.9640342579063207D-10
2449054.5  1.8032523647687816D-08  1.3991954660410200D-10
2449064.5  1.9188768612131530D-08  9.1927042951458281D-11
2449074.5  1.9839595089166491D-08  3.5848374498488443D-11
2449084.5  1.9877304023318411D-08 -2.7120048454940746D-11
2449094.5  1.9353107681615889D-08 -7.6648547787875739D-11
2449104.5  1.8328754731902187D-08 -1.2989080373782586D-10
2449114.5  1.6745525283277861D-08 -1.8431887184185083D-10
2449124.5  1.4708958799012166D-08 -2.2144717966276673D-10
2449134.5  1.2312995578114337D-08 -2.5899254388659129D-10
2449144.5  9.5358327295791910D-09 -2.9310565026219862D-10
2449154.5  6.5219436956151543D-09 -3.0778801147636949D-10
2449164.5  3.3814039372626928D-09 -3.2146765342031015D-10
2449174.5  1.1195621165832194D-10 -3.2869664639760111D-10
2449184.5 -3.1227682860690152D-09 -3.1628134674632630D-10
2449194.5 -6.2158375283929749D-09 -3.0360779263091507D-10
2449204.5 -9.1684406338938129D-09 -2.8330514337030629D-10
2449214.5 -1.1818674796179384D-08 -2.4502730139858168D-10
2449224.5 -1.4082853935271000D-08 -2.0932225625909690D-10
2449234.5 -1.5978842057365137D-08 -1.6679557095764051D-10
2449244.5 -1.7366789998265933D-08 -1.0972311052596111D-10
2449254.5 -1.8205303787309151D-08 -5.9800961150596717D-11
2449264.5 -1.8544656664947775D-08 -5.7768561480280001D-12
2449274.5 -1.8284119548786302D-08  5.7930833850801702D-11
2449284.5 -1.7439018358395493D-08  1.0887540642622026D-10
2449294.5 -1.6102345740943462D-08  1.5991039130805172D-10
2449304.5 -1.4221030962708505D-08  2.1514672473854867D-10
2449314.5 -1.1871041930814474D-08  2.5221056808445552D-10
2449324.5 -9.1869328454608438D-09  2.8544063292706288D-10
2449334.5 -6.1571281542395666D-09  3.1815524905479922D-10
2449344.5 -2.9062398111092879D-09  3.2911133626859977D-10
2449354.5  4.0687030105694932D-10  3.3421442685932070D-10
2449364.5  3.7747670206666792D-09  3.3631130346868057D-10
2449374.5  7.0514599788167681D-09  3.1621856975707449D-10
2449384.5  1.0083910610530397D-08  2.9144871779307142D-10
2449394.5  1.2876743942702380D-08  2.6406163105362708D-10
2449404.5  1.5295406430419074D-08  2.1739174219754052D-10
2449414.5  1.7223539364962202D-08  1.7029374133637700D-10
2449424.5  1.8703668721918912D-08  1.2326774140493062D-10
2449434.5  1.9637482663105805D-08  6.2019542174701854D-11
2449444.5  1.9964075811432378D-08  6.2728636745432591D-12
2449454.5  1.9774621772303229D-08 -4.5765563069842935D-11
2449464.5  1.9015807496929171D-08 -1.0661315008010567D-10
2449474.5  1.7684565325146011D-08 -1.5602896139649746D-10
2449484.5  1.5916093478374134D-08 -1.9848229630014761D-10
2449494.5  1.3695817961504194D-08 -2.4540124787803211D-10
2449504.5  1.1068772253529097D-08 -2.7616972809765538D-10
2449514.5  8.1997085605306903D-09 -2.9798611249567392D-10
2449524.5  5.0972067945094429D-09 -3.2165631109339650D-10
2449534.5  1.8386320366904300D-09 -3.2635127846202493D-10
2449544.5 -1.4007596359470577D-09 -3.2182458707007179D-10
2449554.5 -4.6088272218118946D-09 -3.1837888925530435D-10
2449564.5 -7.6940416886121112D-09 -2.9535996998316302D-10
2449574.5 -1.0491054789338299D-08 -2.6476224371679606D-10
2449584.5 -1.3004332479954360D-08 -2.3618307833152829D-10
2449594.5 -1.5147375014497108D-08 -1.8972849951015798D-10
2449604.5 -1.6784580700615923D-08 -1.3928364698318603D-10
2449614.5 -1.7955599854321884D-08 -9.3310703627630383D-11
2449624.5 -1.8597827049700310D-08 -3.3202815669012424D-11
2449634.5 -1.8622296064205095D-08  2.5607773086479710D-11
2449644.5 -1.8117986156328579D-08  7.6339506800540476D-11
2449654.5 -1.7060764885725598D-08  1.3619804697607214D-10
2449664.5 -1.5417804934437648D-08  1.8856039383704927D-10
2449674.5 -1.3332133392013071D-08  2.2891430228264242D-10
2449684.5 -1.0821712343904335D-08  2.7350658844201977D-10
2449694.5 -7.9068278501019647D-09  3.0484525535074479D-10
2449704.5 -4.7747030650125367D-09  3.2131602829937578D-10
2449714.5 -1.4723466789338879D-09  3.3901014389275420D-10
2449724.5  1.9458972642464238D-09  3.3987028565990940D-10
2449734.5  5.2753793416466854D-09  3.2563730435982038D-10
2449744.5  8.4686136070003423D-09  3.1274560718350587D-10
2449754.5  1.1467016747156746D-08  2.8273132280695521D-10
2449764.5  1.4083070148487991D-08  2.4055110107494582D-10
2449774.5  1.6300505142178040D-08  2.0283804677575194D-10
2449784.5  1.8084468740098467D-08  1.5078860732425514D-10
2449794.5  1.9292403273220669D-08  9.1784312768818858D-11
2449804.5  1.9960405766297643D-08  4.2011358932043566D-11
2449814.5  2.0092436845039848D-08 -1.7641504647459613D-11
2449824.5  1.9601959233417570D-08 -7.8349432948252882D-11
2449834.5  1.8581912946249356D-08 -1.2517144830881977D-10
2449844.5  1.7074460911186732D-08 -1.7744488085789472D-10
2449854.5  1.5043700971318885D-08 -2.2552501736509838D-10
2449864.5  1.2630227592513714D-08 -2.5645581467471700D-10
2449874.5  9.9025949609727694D-09 -2.8965427583429591D-10
2449884.5  6.8605320049518008D-09 -3.1475315194667201D-10
2449894.5  3.6756498548070950D-09 -3.2140298979478210D-10
2449904.5  4.2582198939226405D-10 -3.2898897122410972D-10
2449914.5 -2.8718812873695354D-09 -3.2616526655163694D-10
2449924.5 -6.0347088242327298D-09 -3.0566235350266315D-10
2449934.5 -8.9943408078871246D-09 -2.8685575480910620D-10
2449944.5 -1.1735107679367391D-08 -2.5708698196270363D-10
2449954.5 -1.4084429318388644D-08 -2.1238694484103438D-10
2449964.5 -1.6002679206566485D-08 -1.7223200970446705D-10
2449974.5 -1.7493681829105613D-08 -1.2245852815481705D-10
2449984.5 -1.8415729351829502D-08 -6.2214525528813818D-11
2449994.5 -1.8775350175264663D-08 -1.1144354188047396D-11
2450004.5 -1.8611255771241527D-08  4.6437940198955306D-11
2450014.5 -1.7828643693158658D-08  1.0889476599392246D-10
2450024.5 -1.6491978122055631D-08  1.5657046363148640D-10
2450034.5 -1.4682718525065117D-08  2.0668179540185273D-10
2450044.5 -1.2358141466351915D-08  2.5599193759557184D-10
2450054.5 -9.6404942146669869D-09  2.8540598649038952D-10
2450064.5 -6.6478464941553545D-09  3.1374168814831869D-10
2450074.5 -3.3784315114372592D-09  3.3698375472498022D-10
2450084.5  4.6619590284139253D-12  3.3755309281061543D-10
2450094.5  3.3693836005425264D-09  3.3578901058636969D-10
2450104.5  6.7031235450858567D-09  3.2731189356957088D-10
2450114.5  9.8327564962742871D-09  2.9696621642871969D-10
2450124.5  1.2644346169079208D-08  2.6616593942241021D-10
2450134.5  1.5142819311538288D-08  2.2997531159719512D-10
2450144.5  1.7177516698018929D-08  1.7605720081182501D-10
2450154.5  1.8680428369510166D-08  1.2620621063303646D-10
2450164.5  1.9697346422776622D-08  7.4223226873354020D-11
2450174.5  2.0120860107222401D-08  1.0431223905417014D-11
2450184.5  1.9941874522701114D-08 -4.3592483627819713D-11
2450194.5  1.9253706441396847D-08 -9.6147507218962619D-11
2450204.5  1.7995961696083704D-08 -1.5466674323944258D-10
2450214.5  1.6215637486229451D-08 -1.9808072065238001D-10
2450224.5  1.4044980024571342D-08 -2.3735220655906052D-10
2450234.5  1.1460988426294821D-08 -2.7810459822328379D-10
2450244.5  8.5537528391273129D-09 -2.9982821441676746D-10
2450254.5  5.4770623776869321D-09 -3.1626866296103239D-10
2450264.5  2.2287701248659450D-09 -3.3162215968609932D-10
2450274.5 -1.0754935882780989D-09 -3.2601872484244607D-10
2450284.5 -4.2811055035720605D-09 -3.1570864075671773D-10
2450294.5 -7.3884868857691114D-09 -3.0372697972500942D-10
2450304.5 -1.0275336245367458D-08 -2.7108740034289339D-10
2450314.5 -1.2806280714177422D-08 -2.3598269543793915D-10
2450324.5 -1.4999130671875923D-08 -2.0045001671196169D-10
2450334.5 -1.6743989250548346D-08 -1.4681789187456255D-10
2450344.5 -1.7943272095495879D-08 -9.4625195536890726D-11
2450354.5 -1.8650586358068415D-08 -4.4861221251112842D-11
2450364.5 -1.8786262988000962D-08  1.8492468581936232D-11
2450374.5 -1.8305379984044314D-08  7.5060431615037550D-11
2450384.5 -1.7310972165406989D-08  1.2535233353440361D-10
2450394.5 -1.5765136816668467D-08  1.8366845916778058D-10
2450404.5 -1.3681896381613284D-08  2.2924755537580751D-10
2450414.5 -1.1215637714298748D-08  2.6493760455278945D-10
2450424.5 -8.3689351456971656D-09  3.0354677168117458D-10
2450434.5 -5.2065516721781607D-09  3.2442543163918840D-10
2450444.5 -1.9187417536430549D-09  3.3360778117448008D-10
2450454.5  1.4691852987122003D-09  3.4281732826331880D-10
2450464.5  4.8658343163751367D-09  3.3193413007796426D-10
2450474.5  8.0758501290316018D-09  3.1049800272903882D-10
2450484.5  1.1080752672986962D-08  2.8948974919398004D-10
2450494.5  1.3794537778359662D-08  2.4938428862486962D-10
2450504.5  1.6050925542855129D-08  2.0278463684518974D-10
2450514.5  1.7867210161722702D-08  1.5994814348670286D-10
2450524.5  1.9188709606847309D-08  1.0165946837056202D-10
2450534.5  1.9901645796899020D-08  4.2638512403392890D-11
2450544.5  2.0075560023921411D-08 -7.9131072689495515D-12
2450554.5  1.9697190321354211D-08 -6.9185858315204639D-11
2450564.5  1.8711410769746895D-08 -1.2532004527636963D-10
2450574.5  1.7240370212435373D-08 -1.6870194151157055D-10
2450584.5  1.5306600486246755D-08 -2.1846292553242236D-10
2450594.5  1.2905289532535361D-08 -2.5828638503246309D-10
2450604.5  1.0199197182365693D-08 -2.8275331983811236D-10
2450614.5  7.2316652760568724D-09 -3.1055722032795357D-10
2450624.5  4.0318511683317607D-09 -3.2525498841727669D-10
2450634.5  7.8452455392360333D-10 -3.2420168923821810D-10
2450644.5 -2.4642500801973516D-09 -3.2518070715266547D-10
2450654.5 -5.6707530480961427D-09 -3.1169847530502166D-10
2450664.5 -8.6491818789125906D-09 -2.8426109207933845D-10
2450674.5 -1.1368811087990921D-08 -2.5950194791794420D-10
2450684.5 -1.3791199670556647D-08 -2.2076615933397240D-10
2450694.5 -1.5750289259552235D-08 -1.7176794415190841D-10
2450704.5 -1.7247954450666839D-08 -1.2811193249872628D-10
2450714.5 -1.8269464085881884D-08 -7.2698494137797047D-11
2450724.5 -1.8687137947467928D-08 -1.2224483638041477D-11
2450734.5 -1.8550788251304971D-08  3.8491899412420568D-11
2450744.5 -1.7883357145481433D-08  9.7389625988489358D-11
2450754.5 -1.6608652188170121D-08  1.5529409613884570D-10
2450764.5 -1.4833252976587305D-08  1.9822575225211010D-10
2450774.5 -1.2621645463034016D-08  2.4531448784184768D-10
2450784.5 -9.9506430138952806D-09  2.8574776313807154D-10
2450794.5 -6.9787320150049651D-09  3.0688274469872371D-10
2450804.5 -3.8002763437825818D-09  3.2915735809340706D-10
2450814.5 -4.2999694094582869D-10  3.4113031072621890D-10
2450824.5  2.9437267091540516D-09  3.3218707139704663D-10
2450834.5  6.2232770401584230D-09  3.2380469408400137D-10
2450844.5  9.3851197615051892D-09  3.0460005673918462D-10
2450854.5  1.2243542570715659D-08  2.6642555816532576D-10
2450864.5  1.4728952907766777D-08  2.3110045636665888D-10
2450874.5  1.6839575063997949D-08  1.8730141218391126D-10
2450884.5  1.8421609174067546D-08  1.2943793881282097D-10
2450894.5  1.9456948144870685D-08  7.8857824044919575D-11
2450904.5  1.9985424047528656D-08  2.3670917378874680D-11
2450914.5  1.9900669363996326D-08 -3.9324088277802095D-11
2450924.5  1.9243946706440205D-08 -8.9923362057008926D-11
2450934.5  1.8099304093041986D-08 -1.4145888226320816D-10
2450944.5  1.6407251062784891D-08 -1.9488839907216461D-10
2450954.5  1.4261674986125006D-08 -2.3149052549986587D-10
2450964.5  1.1779351542853455D-08 -2.6669815565726419D-10
2450974.5  8.9363562238565266D-09 -2.9934090587495698D-10
2450984.5  5.8636859467764743D-09 -3.1226639729658768D-10
2450994.5  2.6920652375581981D-09 -3.2318944415336788D-10
2451004.5 -5.8328894688538131D-10 -3.2908910497039261D-10
2451014.5 -3.8134220482887127D-09 -3.1435077489536620D-10
2451024.5 -6.8744497056774520D-09 -2.9869917041762911D-10
2451034.5 -9.7706416274427162D-09 -2.7773932204172338D-10
2451044.5 -1.2355031589939661D-08 -2.3735793826348156D-10
2451054.5 -1.4530841145205684D-08 -1.9878145072224836D-10
2451064.5 -1.6321216372618694D-08 -1.5666475403544386D-10
2451074.5 -1.7600162751523587D-08 -9.8444913899748402D-11
2451084.5 -1.8315969260247753D-08 -4.6246819876971975D-11
2451094.5 -1.8528068947342517D-08  6.1430403995888402D-12
2451104.5 -1.8146857103095521D-08  6.9595928655412551D-11
2451114.5 -1.7178138029447277D-08  1.2177439057281564D-10
2451124.5 -1.5728159151901444D-08  1.7011877685413276D-10
2451134.5 -1.3751178427870986D-08  2.2373216022931780D-10
2451144.5 -1.1312178928893192D-08  2.6081646062485170D-10
2451154.5 -8.5616672548853136D-09  2.9074632863977918D-10
2451164.5 -5.4918255620725706D-09  3.2100409329197980D-10
2451174.5 -2.2127258283792301D-09  3.3099683893212154D-10
2451184.5  1.1002835262264945D-09  3.3278418111865685D-10
2451194.5  4.4384531742625510D-09  3.3249900227800839D-10
2451204.5  7.6750840067120326D-09  3.1104686930303818D-10
2451214.5  1.0641729172621912D-08  2.8350610812502999D-10
2451224.5  1.3342944064050379D-08  2.5478296746776219D-10
2451234.5  1.5667364592316264D-08  2.0704183738402574D-10
2451244.5  1.7484764153470563D-08  1.5806228359424430D-10
2451254.5  1.8838265195057412D-08  1.1137357006339895D-10
2451264.5  1.9653629227637751D-08  4.9848355307207494D-11
2451274.5  1.9857525077114431D-08 -6.8251354415901358D-12
2451284.5  1.9542463403747492D-08 -5.6814765157461119D-11
2451294.5  1.8676390218791942D-08 -1.1691282961962568D-10
2451304.5  1.7245036859523809D-08 -1.6646778503222282D-10
2451314.5  1.5385914009728582D-08 -2.0565738372868707D-10
2451324.5  1.3100431380851604D-08 -2.5083769547264041D-10
2451334.5  1.0422775569482887D-08 -2.8127721531294216D-10
2451344.5  7.5211745393828823D-09 -2.9938470461064125D-10
2451354.5  4.4146860433558200D-09 -3.2064198916399271D-10
2451364.5  1.1683707221324789D-09 -3.2487917145582593D-10
2451374.5 -2.0373834673943279D-09 -3.1692585020856561D-10
2451384.5 -5.1839355031433165D-09 -3.1094551063710206D-10
2451394.5 -8.1955888381453618D-09 -2.8758082107861709D-10
2451404.5 -1.0899610845698356D-08 -2.5434098897557304D-10
2451414.5 -1.3296084256363186D-08 -2.2379276226340785D-10
2451424.5 -1.5319039212631153D-08 -1.7728456811473616D-10
2451434.5 -1.6823495623398405D-08 -1.2529434159395472D-10
2451444.5 -1.7846024219829836D-08 -7.8675311462867647D-11
2451454.5 -1.8349119917942872D-08 -1.9155348443996158D-11
2451464.5 -1.8233895400718346D-08  3.9843580722643595D-11
2451474.5 -1.7586891269397888D-08  8.9302585897796521D-11
2451484.5 -1.6411055632001039D-08  1.4756231685624316D-10
2451494.5 -1.4663932104195135D-08  1.9880177569412287D-10
2451504.5 -1.2485320493717378D-08  2.3597900873795894D-10
2451514.5 -9.9183537484390152D-09  2.7793978731511253D-10
2451524.5 -6.9730356763473019D-09  3.0748982970459241D-10
2451534.5 -3.8307134667689604D-09  3.1976610762568120D-10
2451544.5 -5.5843194419943908D-10  3.3437333935259091D-10
2451554.5  2.8021145112499658D-09  3.3385749062951330D-10
2451564.5  6.0540730763110851D-09  3.1568947152394652D-10
2451574.5  9.1355814076253484D-09  3.0007627283789398D-10
2451584.5  1.2004432004137488D-08  2.6998037428632775D-10
2451594.5  1.4479852147767299D-08  2.2520045060303426D-10
2451604.5  1.6535820207565889D-08  1.8585001658311003D-10
2451614.5  1.8157703907330838D-08  1.3527993440985106D-10
2451624.5  1.9205227725495818D-08  7.5521757232885090D-11
2451634.5  1.9707518384516998D-08  2.5533621639904794D-11
2451644.5  1.9691332779335474D-08 -3.1432250651912093D-11
2451654.5  1.9066554153767626D-08 -9.1153256981654584D-11
2451664.5  1.7919842552113042D-08 -1.3682200737806259D-10
2451674.5  1.6317064220837434D-08 -1.8580532746348897D-10
2451684.5  1.4214010207805340D-08 -2.3172228334144215D-10
2451694.5  1.1743605189383315D-08 -2.6042973177297007D-10
2451704.5  8.9976597027622038D-09 -2.9027494196625557D-10
2451714.5  5.9649056794488976D-09 -3.1286823957152669D-10
2451724.5  2.8064966593083767D-09 -3.1668068325966471D-10
2451734.5 -3.7800609322390457D-10 -3.2126795115857252D-10
2451744.5 -3.5840192431989148D-09 -3.1651649043883890D-10
2451754.5 -6.6418746980509414D-09 -2.9317911060148167D-10
2451764.5 -9.4642319709688795D-09 -2.7207620968895587D-10
2451774.5 -1.2049216444700480D-08 -2.4173066425884484D-10
2451784.5 -1.4237954654463132D-08 -1.9490785894089855D-10
2451794.5 -1.5975499856971866D-08 -1.5345101966801826D-10
2451804.5 -1.7281105582538374D-08 -1.0489049795261514D-10
2451814.5 -1.8024694110459577D-08 -4.3914770666718276D-11
2451824.5 -1.8201627172167278D-08  7.2376389129229123D-12
2451834.5 -1.7867832434405315D-08  6.1781632332039104D-11
2451844.5 -1.6935989282680636D-08  1.2312632834201464D-10
2451854.5 -1.5462382967999968D-08  1.6960318698225765D-10
2451864.5 -1.3546997440458808D-08  2.1523018729630706D-10
2451874.5 -1.1149289138906394D-08  2.6167520309016555D-10
2451884.5 -8.3829650766558118D-09  2.8891293327185120D-10
2451894.5 -5.3847911530500535D-09  3.1215993343862422D-10
2451904.5 -2.1491300299287181D-09  3.3169397955218754D-10
2451914.5  1.1738384786896051D-09  3.2987837848063152D-10
2451924.5  4.4342037912097293D-09  3.2363312484120057D-10
2451934.5  7.6291505542686664D-09  3.1209999923480715D-10
2451944.5  1.0604250526669159D-08  2.8009572659295017D-10
2451954.5  1.3228641104358517D-08  2.4652930272562532D-10
2451964.5  1.5521017812583481D-08  2.0925055107550093D-10
2451974.5  1.7352790094514589D-08  1.5502110472809323D-10
2451984.5  1.8639698013287019D-08  1.0457582150511966D-10
2451994.5  1.9442106625304928D-08  5.4017332236998815D-11
2452004.5  1.9673976809806769D-08 -8.6001949943450419D-12
2452014.5  1.9310794592072977D-08 -6.1368247835323268D-11
2452024.5  1.8458375388785247D-08 -1.1028036965005232D-10
2452034.5  1.7073258305013209D-08 -1.6645111127674460D-10
2452044.5  1.5187608011428924D-08 -2.0767496674457947D-10
2452054.5  1.2943081432175144D-08 -2.4198357017129676D-10
2452064.5  1.0327406465734213D-08 -2.7975565848496414D-10
2452074.5  7.4161355145522339D-09 -2.9930279354803181D-10
2452084.5  4.3708439695565612D-09 -3.1051030661347918D-10
2452094.5  1.1934683312151589D-09 -3.2284181976410689D-10
2452104.5 -2.0154578001408338D-09 -3.1572883762451968D-10
2452114.5 -5.0926816144575413D-09 -3.0085726062693169D-10
2452124.5 -8.0407198431245788D-09 -2.8639646261474662D-10
2452134.5 -1.0754043902796536D-08 -2.5325171092494927D-10
2452144.5 -1.3086698885075921D-08 -2.1506605231648585D-10
2452154.5 -1.5063962321056602D-08 -1.7829301719740600D-10
2452164.5 -1.6595123740883106D-08 -1.2538897903263799D-10
2452174.5 -1.7570285932644774D-08 -7.2171353214188668D-11
2452184.5 -1.8053512745272388D-08 -2.3024176312063659D-11
2452194.5 -1.7986226691638595D-08  3.8266036183970700D-11
2452204.5 -1.7310218669725785D-08  9.3709457641856970D-11
2452214.5 -1.6138535128209614D-08  1.4124706209787374D-10
2452224.5 -1.4454818273955812D-08  1.9627675793817344D-10
2452234.5 -1.2259042753553313D-08  2.3911197874010693D-10
2452244.5 -9.7120598956539306D-09  2.7017852439733951D-10
2452254.5 -6.8360991732347128D-09  3.0476612102405178D-10
2452264.5 -3.6803027174704816D-09  3.2237708983388118D-10
2452274.5 -4.3651431560405471D-10  3.2598908154494370D-10
2452284.5  2.8551352430167823D-09  3.3135778320731881D-10
2452294.5  6.1214810622782134D-09  3.1805956927119219D-10
2452304.5  9.1695307771032929D-09  2.9153819848268368D-10
2452314.5  1.1972957650184985D-08  2.6795130454922975D-10
2452324.5  1.4466358102426665D-08  2.2744641579182255D-10
2452334.5  1.6486849400110404D-08  1.7761984105364650D-10
2452344.5  1.8050279594870179D-08  1.3417555305021830D-10
2452354.5  1.9123263939447034D-08  7.7926729468579672D-11
2452364.5  1.9592810443535582D-08  1.8190407970578617D-11
2452374.5  1.9530269608625810D-08 -3.0972237968304769D-11
2452384.5  1.8942973202627600D-08 -8.8221697008907143D-11
2452394.5  1.7771300307113471D-08 -1.4281876663668485D-10
2452404.5  1.6138815847458516D-08 -1.8329295243852749D-10
2452414.5  1.4087842411249105D-08 -2.2805852540266072D-10
2452424.5  1.1602893601378532D-08 -2.6497812915396959D-10
2452434.5  8.8454393767954235D-09 -2.8564706086117916D-10
2452444.5  5.8781624667021466D-09 -3.0857945221274052D-10
2452454.5  2.7141243700136294D-09 -3.2010676852103997D-10
2452464.5 -4.6633433633893674D-10 -3.1495667742795391D-10
2452474.5 -3.5987912986282096D-09 -3.1204798404755078D-10
2452484.5 -6.6591332416393130D-09 -2.9614455072486605D-10
2452494.5 -9.4683216384403461D-09 -2.6490842290140549D-10
2452504.5 -1.1980024065127359D-08 -2.3779426584506719D-10
2452514.5 -1.4176708009264763D-08 -1.9821194469802330D-10
2452524.5 -1.5900366769825184D-08 -1.4643357009867511D-10
2452534.5 -1.7141883514177402D-08 -1.0226563224363917D-10
2452544.5 -1.7907142187416616D-08 -4.8194809870293984D-11
2452554.5 -1.8076561886089265D-08  1.3289746042706321D-11
2452564.5 -1.7693540439780467D-08  6.2609544890521424D-11
2452574.5 -1.6800545043654778D-08  1.1777997124246734D-10
2452584.5 -1.5327130164100438D-08  1.7457592814013136D-10
2452594.5 -1.3375472732875139D-08  2.1451591650133472D-10
2452604.5 -1.1028564025711186D-08  2.5598863627916769D-10
2452614.5 -8.2636719644527818D-09  2.9351131078305740D-10
2452624.5 -5.2339720455713330D-09  3.1067914797997148D-10
2452634.5 -2.0517505619240201D-09  3.2659175047458856D-10
2452644.5  1.2757320840263979D-09  3.3482355231596265D-10
2452654.5  4.5687757847099121D-09  3.2187531977462515D-10
2452664.5  7.7127414672868312D-09  3.0792942712424868D-10
2452674.5  1.0699587451112808D-08  2.8549488944112486D-10
2452684.5  1.3356427326580362D-08  2.4430668308567424D-10
2452694.5  1.5598289334646043D-08  2.0560854181242351D-10
2452704.5  1.7444441859237741D-08  1.6042420386226967D-10
2452714.5  1.8757450028109571D-08  1.0137155232231024D-10
2452724.5  1.9505115955429582D-08  5.0290812086983300D-11
2452734.5  1.9749171071130080D-08 -3.6823205342035442D-12
2452744.5  1.9400669462482034D-08 -6.5859086206534664D-11
2452754.5  1.8486708180077436D-08 -1.1439673701396246D-10
2452764.5  1.7110493478366278D-08 -1.6217421743057612D-10
2452774.5  1.5227860683105146D-08 -2.1320503851949610D-10
2452784.5  1.2917531927013825D-08 -2.4616295017961153D-10
2452794.5  1.0311799186309475D-08 -2.7578676273833502D-10
2452804.5  7.3967237220617618D-09 -3.0519122334799540D-10
2452814.5  4.2872600408759257D-09 -3.1405403603844440D-10
2452824.5  1.1270863458077855D-09 -3.1870067641685027D-10
2452834.5 -2.0864609496825878D-09 -3.2131138476606998D-10
2452844.5 -5.2206266963893163D-09 -3.0310464264327080D-10
2452854.5 -8.1396207744263849D-09 -2.8176775633076525D-10
2452864.5 -1.0854207546651040D-08 -2.5818479429409238D-10
2452874.5 -1.3233479670764935D-08 -2.1567213833781541D-10
2452884.5 -1.5168722103400534D-08 -1.7314846892509436D-10
2452894.5 -1.6696746249894859D-08 -1.2972970179129969D-10
2452904.5 -1.7708194717755766D-08 -7.1188040392814458D-11
2452914.5 -1.8138681692469944D-08 -1.7552182510337780D-11
2452924.5 -1.8065646421869323D-08  3.4196437970086888D-11
2452934.5 -1.7417705130240305D-08  9.5964817511482420D-11
2452944.5 -1.6186473059398336D-08  1.4681687307944073D-10
2452954.5 -1.4497328616966571D-08  1.9216050879616058D-10
2452964.5 -1.2323664020277809D-08  2.4229088848966827D-10
2452974.5 -9.7136179490103297D-09  2.7571808713172535D-10
2452984.5 -6.8346434048396685D-09  3.0050461931020023D-10
2452994.5 -3.6957059771101433D-09  3.2627022378571646D-10
2453004.5 -3.8662292388381836D-10  3.3149555062977734D-10
2453014.5  2.9051144521388842D-09  3.2705482312903405D-10
2453024.5  6.1601422088121264D-09  3.2249242392401363D-10
2453034.5  9.2746330745599205D-09  2.9684859975810151D-10
2453044.5  1.2073474829562670D-08  2.6353181392552169D-10
2453054.5  1.4558464586388233D-08  2.3192166728772136D-10
2453064.5  1.6641689151112456D-08  1.8205996197618201D-10
2453074.5  1.8189885991234790D-08  1.2912204065920683D-10
2453084.5  1.9250164460651910D-08  8.1629720902591102D-11
2453094.5  1.9770612387355536D-08  2.0813562107323646D-11
2453104.5  1.9674889661206465D-08 -3.7256717031972212D-11
2453114.5  1.9063696170081811D-08 -8.5840348786517297D-11
2453124.5  1.7925652423169153D-08 -1.4253887678403857D-10
2453134.5  1.6239600647220714D-08 -1.9092157735925325D-10
2453144.5  1.4152830692917921D-08 -2.2681339011650399D-10
2453154.5  1.1685739200305315D-08 -2.6678707940954926D-10
2453164.5  8.8592955281172355D-09 -2.9408400221339352D-10
2453174.5  5.8511302038699313D-09 -3.0759271730191483D-10
2453184.5  2.6972118385739762D-09 -3.2308830956433637D-10
2453194.5 -5.5713388202169563D-10 -3.2323426573589431D-10
2453204.5 -3.7244799319122822D-09 -3.1021817369267095D-10
2453214.5 -6.7725697409397003D-09 -2.9923699638724092D-10
2453224.5 -9.6501316419057087D-09 -2.7213859723762303D-10
2453234.5 -1.2181093174648990D-08 -2.3432496663461825D-10
2453244.5 -1.4356037869168218D-08 -2.0057128428722997D-10
2453254.5 -1.6135451122756928D-08 -1.5199927448635702D-10
2453264.5 -1.7374753677472898D-08 -9.6801987225544424D-11
2453274.5 -1.8105164482288068D-08 -4.9356404632521094D-11
2453284.5 -1.8315121564521848D-08  9.6318226423843003D-12
2453294.5 -1.7907715770400708D-08  6.9898169174113113D-11
2453304.5 -1.6967925304616317D-08  1.1771400376753987D-10
2453314.5 -1.5522708153664028D-08  1.7255407547901395D-10
2453324.5 -1.3529825599074891D-08  2.2289028728123899D-10
2453334.5 -1.1130561618115839D-08  2.5630823061221503D-10
2453344.5 -8.3888849774542126D-09  2.9245962497003536D-10
2453354.5 -5.3096020129689378D-09  3.1923743288623561D-10
2453364.5 -2.0766927084060962D-09  3.2651804657825575D-10
2453374.5  1.2264576346812797D-09  3.3423262475796623D-10
2453384.5  4.5711592972903138D-09  3.3004928200460745D-10
2453394.5  7.7595949103445830D-09  3.0696672630444213D-10
2453404.5  1.0718313089652737D-08  2.8514873234697245D-10
2453414.5  1.3425601333207079D-08  2.5188348022990659D-10
2453424.5  1.5703353973836941D-08  2.0352783061679384D-10
2453434.5  1.7516778518055521D-08  1.6017709011138038D-10
2453444.5  1.8876382058961529D-08  1.0816913531090649D-10
2453454.5  1.9648142986107827D-08  4.6824279616014535D-11
2453464.5  1.9852416387757070D-08 -4.2457612532867357D-12
2453474.5  1.9542181853418420D-08 -6.0255646711930573D-11
2453484.5  1.8635344009270751D-08 -1.1963227868260667D-10
2453494.5  1.7208409419047954D-08 -1.6358913120308281D-10
2453504.5  1.5351692278191251D-08 -2.0918947016966624D-10
2453514.5  1.3028082036871102D-08 -2.5328822146668609D-10
2453524.5  1.0359609960449110D-08 -2.7820274262648806D-10
2453534.5  7.4586878952872367D-09 -3.0274019420451190D-10
2453544.5  4.3174747763642180D-09 -3.2262473904004066D-10
2453554.5  1.0866768033724646D-09 -3.2164541107644316D-10
2453564.5 -2.1185377529335668D-09 -3.1991839201362705D-10
2453574.5 -5.2958293803654935D-09 -3.1221723417672127D-10
2453584.5 -8.2852650774673449D-09 -2.8431069283468323D-10
2453594.5 -1.0988497614127924D-08 -2.5706540986859745D-10
2453604.5 -1.3412671913994904D-08 -2.2430324125732071D-10
2453614.5 -1.5408929616907168D-08 -1.7424682108131223D-10
2453624.5 -1.6913937095059194D-08 -1.2809347247329608D-10
2453634.5 -1.7962954588649168D-08 -7.8519074043790566D-11
2453644.5 -1.8437284743612782D-08 -1.6411794354596350D-11
2453654.5 -1.8323803755317102D-08  3.6887295047503487D-11
2453664.5 -1.7700290241453415D-08  9.0315258176973632D-11
2453674.5 -1.6491867027133162D-08  1.5047051269150480D-10
2453684.5 -1.4743843085572322D-08  1.9602192231273395D-10
2453694.5 -1.2580741976263618D-08  2.3819821375108210D-10
2453704.5 -9.9735263247629156D-09  2.8159041710650936D-10
2453714.5 -7.0211583866865194D-09  3.0523608541357604D-10
2453724.5 -3.8830528252303886D-09  3.2323918355959840D-10
2453734.5 -5.6174685040408505D-10  3.3889732855697048D-10
2453744.5  2.8110545520426865D-09  3.3213038822408241D-10
2453754.5  6.0687142764904528D-09  3.1999859189167201D-10
2453764.5  9.2050235360270736D-09  3.0506580109129780D-10
2453774.5  1.2086618857681415D-08  2.6848709953432965D-10
2453784.5  1.4572591996661148D-08  2.2963476068065275D-10
2453794.5  1.6682734041247695D-08  1.9044086844312210D-10
2453804.5  1.8310130033008637D-08  1.3341641089581621D-10
2453814.5  1.9364630106183008D-08  7.9190031651719279D-11
2453824.5  1.9911852056515013D-08  2.8674937981876105D-11
2453834.5  1.9885975433793103D-08 -3.4317910519503151D-11
2453844.5  1.9256473146025309D-08 -8.8921112083448278D-11
2453854.5  1.8138422691472245D-08 -1.3592585200757297D-10
2453864.5  1.6505714064255460D-08 -1.9017907423512488D-10
2453874.5  1.4381406994978195D-08 -2.3115087666026170D-10
2453884.5  1.1920108644226110D-08 -2.6208024599638516D-10
2453894.5  9.1234727256684022D-09 -2.9625521263862197D-10
2453904.5  6.0534491793619527D-09 -3.1365182150524412D-10
2453914.5  2.8864138518614216D-09 -3.2054827836490224D-10
2453924.5 -3.6471713185787164D-10 -3.2848358639071507D-10
2453934.5 -3.6176235455629028D-09 -3.1791173129628213D-10
2453944.5 -6.6952083682637070D-09 -2.9837285032056697D-10
2453954.5 -9.5911874345866844D-09 -2.7973408270549329D-10
2453964.5 -1.2222574219922147D-08 -2.4281992763907903D-10
2453974.5 -1.4432854213073423D-08 -2.0024547740741910D-10
2453984.5 -1.6240601258900896D-08 -1.6055133771409737D-10
2453994.5 -1.7581246299310394D-08 -1.0479493256228279D-10
2454004.5 -1.8338201938531004D-08 -4.8189352960010546D-11
2454014.5 -1.8571914136830025D-08  1.7499666045176016D-12
2454024.5 -1.8251796398386046D-08  6.3843139892534982D-11
2454034.5 -1.7315339790119128D-08  1.2097609274714078D-10
2454044.5 -1.5876153530371591D-08  1.6675684291812897D-10
2454054.5 -1.3944603609407166D-08  2.1993062538651296D-10
2454064.5 -1.1515732052008985D-08  2.6239427559812802D-10
2454074.5 -8.7548192860088950D-09  2.8947954973134614D-10
2454084.5 -5.7059369461595581D-09  3.1982540214384856D-10
2454094.5 -2.4091676832653826D-09  3.3530822903316822D-10
2454104.5  9.3744617268916107D-10  3.3382017349632130D-10
2454114.5  4.2787821872986109D-09  3.3371178024494048D-10
2454124.5  7.5572674678592243D-09  3.1748438956731701D-10
2454134.5  1.0574167672047924D-08  2.8615823916098423D-10
2454144.5  1.3293891824187226D-08  2.5740624366116528D-10
2454154.5  1.5673552808857174D-08  2.1434227160710699D-10
2454164.5  1.7545814723784486D-08  1.6108528756495462D-10
2454174.5  1.8920073106545201D-08  1.1414688558890287D-10
2454184.5  1.9790823396359557D-08  5.6621892068093806D-11
2454194.5  2.0041364701267882D-08 -4.7322065948012580D-12
2454204.5  1.9736991126853365D-08 -5.4951447890183383D-11
2454214.5  1.8915038067504569D-08 -1.1177652555526641D-10
2454224.5  1.7511936902958547D-08 -1.6632445333278472D-10
2454234.5  1.5644704871998291D-08 -2.0540758705557284D-10
2454244.5  1.3383895596835603D-08 -2.4807094545343733D-10
2454254.5  1.0709308539145336D-08 -2.8375685427327676D-10
2454264.5  7.7757581773548573D-09 -3.0119019068506415D-10
2454274.5  4.6695342708295520D-09 -3.2060156615551946D-10
2454284.5  1.3979238290759147D-09 -3.3025607704217803D-10
2454294.5 -1.8646374054974943D-09 -3.2091192886144606D-10
2454304.5 -5.0355881120530636D-09 -3.1346565616525169D-10
2454314.5 -8.0987350308266095D-09 -2.9552281368540544D-10
2454324.5 -1.0879563833114067D-08 -2.6004455503798826D-10
2454334.5 -1.3318317939524024D-08 -2.2800800342844385D-10
2454344.5 -1.5409741885852339D-08 -1.8668674316640570D-10
2454354.5 -1.6999027046614550D-08 -1.3149351798536441D-10
2454364.5 -1.8067328587209284D-08 -8.3024706247778815D-11
2454374.5 -1.8639582087410590D-08 -2.8170762199864390D-11
2454384.5 -1.8598641038170135D-08  3.5055321971975600D-11
2454394.5 -1.7980592995003346D-08  8.6852556938438775D-11
2454404.5 -1.6853590002078144D-08  1.4117854458197717D-10
2454414.5 -1.5148952923349147D-08  1.9752118938488795D-10
2454424.5 -1.2962216567857381D-08  2.3726367778233831D-10
2454434.5 -1.0405401368567229D-08  2.7593898137603990D-10
2454444.5 -7.4560982508313361D-09  3.1100042058558072D-10
2454454.5 -4.2586083470566924D-09  3.2542804365284519D-10
2454464.5 -9.5234548864460304D-10  3.3699298804644721D-10
2454474.5  2.4575358584128049D-09  3.4179347101961877D-10
2454484.5  5.8043999199927167D-09  3.2467066030644805D-10
2454494.5  8.9520987276737870D-09  3.0578371844182544D-10
2454504.5  1.1897977026149715D-08  2.8041630881399506D-10
2454514.5  1.4486051537402933D-08  2.3516787502269646D-10
2454524.5  1.6616212998951138D-08  1.9203807382854340D-10
2454534.5  1.8316653697429789D-08  1.4559813929321401D-10
2454544.5  1.9467433373789761D-08  8.3854404168080033D-11
2454554.5  2.0025937417076019D-08  2.9636845160149690D-11
2454564.5  2.0066048042206793D-08 -2.3528313623438645D-11
2454574.5  1.9513040620250550D-08 -8.6420957839120978D-11
2454584.5  1.8386074366320849D-08 -1.3647053880810033D-10
2454594.5  1.6803095442423733D-08 -1.8169070629768188D-10
2454604.5  1.4728833252052303D-08 -2.3147215061716125D-10
2454614.5  1.2234209003064563D-08 -2.6436149189112045D-10
2454624.5  9.4678836978196728D-09 -2.9032909155888768D-10
2454634.5  6.4198200544626827D-09 -3.1702507192461525D-10
2454644.5  3.1948878757474694D-09 -3.2453539965962069D-10
2454654.5 -4.6202319664196726D-11 -3.2509481914259263D-10
2454664.5 -3.3054508403113884D-09 -3.2437581355957895D-10
2454674.5 -6.4642547899851516D-09 -3.0397603376357668D-10
2454684.5 -9.3698672772640140D-09 -2.7863604430640600D-10
2454694.5 -1.2034008175750590D-08 -2.5205286767856759D-10
2454704.5 -1.4344293258310944D-08 -2.0706106840200942D-10
2454714.5 -1.6176052725177665D-08 -1.6101148914197497D-10
2454724.5 -1.7568345927965519D-08 -1.1581227543904171D-10
2454734.5 -1.8433420348990493D-08 -5.5217022890323668D-11
2454744.5 -1.8693388164749214D-08  1.0408028256638936D-12
2454754.5 -1.8429874620422881D-08  5.2659086998114544D-11
2454764.5 -1.7593707564828245D-08  1.1523885793579681D-10
2454774.5 -1.6166424558746832D-08  1.6737766676012212D-10
2454784.5 -1.4279617874148058D-08  2.1041438000967028D-10
2454794.5 -1.1926626461171356D-08  2.5950966100186689D-10
2454804.5 -9.1478858687012908D-09  2.9274268005530096D-10
2454814.5 -6.1180866148439472D-09  3.1339534035142949D-10
2454824.5 -2.8616357640120094D-09  3.3630148082140554D-10
2454834.5  5.4039622769103200D-10  3.4022723362592299D-10
2454844.5  3.8933886492003979D-09  3.3077738225074974D-10
2454854.5  7.1681653692883727D-09  3.2236823067543357D-10
2454864.5  1.0274643626674803D-08  2.9511618523075131D-10
2454874.5  1.3030678460409939D-08  2.5717253471592330D-10
2454884.5  1.5433667193383297D-08  2.2206696478389076D-10
2454894.5  1.7416114649191715D-08  1.7110995609964287D-10
2454904.5  1.8836809714231575D-08  1.1499801886141064D-10
2454914.5  1.9742277811025942D-08  6.5564745690774210D-11
2454924.5  2.0106029648824333D-08  4.6668099962832856D-12
2454934.5  1.9842173950471743D-08 -5.4661894320364566D-11
2454944.5  1.9051949440172474D-08 -1.0307562983945641D-10
2454954.5  1.7750503485131200D-08 -1.5880237413946960D-10
2454964.5  1.5905648438901703D-08 -2.0684049504509896D-10
2454974.5  1.3663879103955461D-08 -2.4062898037155302D-10
2454984.5  1.1070130937486960D-08 -2.7878235481493249D-10
2454994.5  8.1339678188689757D-09 -3.0484339246733244D-10
2455004.5  5.0300596882811340D-09 -3.1490252811031232D-10
2455014.5  1.8151649092935895D-09 -3.2799355747208250D-10
2455024.5 -1.4769557854126640D-09 -3.2678096720967672D-10
2455034.5 -4.6629760898220769D-09 -3.0972733357425112D-10
2455044.5 -7.6942411404829703D-09 -2.9605794483633400D-10
2455054.5 -1.0532374420774029D-08 -2.6807731596565618D-10
2455064.5 -1.3004668080205478D-08 -2.2647486312341441D-10
2455074.5 -1.5090145067518344D-08 -1.9022635577673991D-10
2455084.5 -1.6765162605260694D-08 -1.4162595617319704D-10
2455094.5 -1.7885738642804166D-08 -8.3669270557516397D-11
2455104.5 -1.8475905852332689D-08 -3.4480109655824615D-11
2455114.5 -1.8543648879953621D-08  2.3570237775314430D-11
2455124.5 -1.7989029608757946D-08  8.5022215654516896D-11
2455134.5 -1.6892665425052578D-08  1.3334086148829769D-10
2455144.5 -1.5304387721259252D-08  1.8630990889485376D-10
2455154.5 -1.3175845307682386D-08  2.3611186130036043D-10
2455164.5 -1.0644038468095898D-08  2.6854112140534482D-10
2455174.5 -7.7978584328581874D-09  3.0204671716941413D-10
2455184.5 -4.6335401394589622D-09  3.2699566552573918D-10
2455194.5 -1.3278715591028420D-09  3.3196886002461264D-10
2455204.5  2.0107248432349449D-09  3.3666354051796525D-10
2455214.5  5.3646394701303547D-09  3.3030135793620251D-10
2455224.5  8.5473130620013072D-09  3.0421049877923308D-10
2455234.5  1.1462252525149879D-08  2.7960945815014172D-10
2455244.5  1.4101460092758951D-08  2.4490150266495773D-10
2455254.5  1.6300564428826372D-08  1.9370560663307741D-10
2455264.5  1.8005516177095531D-08  1.4838277352022281D-10
2455274.5  1.9242545572260117D-08  9.6437154345025567D-11
2455284.5  1.9890525306767835D-08  3.3217179297242037D-11
2455294.5  1.9955056730798114D-08 -1.8746418689493986D-11
2455304.5  1.9505658835958785D-08 -7.3013521869899682D-11
2455314.5  1.8469135738823080D-08 -1.3286177488182755D-10
2455324.5  1.6910867347991438D-08 -1.7673523651915243D-10
2455334.5  1.4937826146211838D-08 -2.1930665679820983D-10
2455344.5  1.2516094397864706D-08 -2.6250557234760353D-10
2455354.5  9.7581064926798913D-09 -2.8665612831363965D-10
2455364.5  6.7935687946363286D-09 -3.0756279391569687D-10
2455374.5  3.6120281144918869D-09 -3.2559363201619360D-10
2455384.5  3.5385001475420523D-10 -3.2343877767729526D-10
2455394.5 -2.8469412558141988D-09 -3.1816914484600085D-10
2455404.5 -5.9956937238803680D-09 -3.0833538182317140D-10
2455414.5 -8.9451045334137824D-09 -2.7906761407200440D-10
2455424.5 -1.1576580433905937D-08 -2.4896736061722108D-10
2455434.5 -1.3908945961130158D-08 -2.1460342246821179D-10
2455444.5 -1.5808533015707382D-08 -1.6332669258221528D-10
2455454.5 -1.7192002934917115D-08 -1.1547558992866207D-10
2455464.5 -1.8108594589361898D-08 -6.5587116242766659D-11
2455474.5 -1.8456236138415886D-08 -2.8524366189068131D-12
2455484.5 -1.8203720490056145D-08  5.0821244548378243D-11
2455494.5 -1.7442707571054818D-08  1.0286109660331136D-10
2455504.5 -1.6114154158684304D-08  1.6272013925023668D-10
2455514.5 -1.4247491689720957D-08  2.0762124269020093D-10
2455524.5 -1.1979401803487812D-08  2.4680128125871090D-10
2455534.5 -9.2938489761853612D-09  2.8891139091968249D-10
2455544.5 -6.2755332025601326D-09  3.1140065584955394D-10
2455554.5 -3.0945885140344989D-09  3.2531290437310747D-10
2455564.5  2.3845418124005484D-10  3.3899051315027929D-10
2455574.5  3.6062365546960544D-09  3.3116857444806778D-10
2455584.5  6.8316845957880641D-09  3.1476112599382540D-10
2455594.5  9.9070545529446462D-09  2.9775277452235586D-10
2455604.5  1.2714637296272035D-08  2.6074508282125841D-10
2455614.5  1.5102293310932123D-08  2.1846256814912735D-10
2455624.5  1.7094672554559247D-08  1.7784513029373140D-10
2455634.5  1.8602185944524407D-08  1.2135180380624512D-10
2455644.5  1.9521750268350517D-08  6.5257284376012911D-11
2455654.5  1.9927496919446816D-08  1.4492948570875186D-11
2455664.5  1.9772010057221866D-08 -4.7055126870493322D-11
2455674.5  1.9009832321067047D-08 -1.0186084064366804D-10
2455684.5  1.7764854608415511D-08 -1.4773210381234923D-10
2455694.5  1.6029893475507224D-08 -1.9991559880146819D-10
2455704.5  1.3811354246754229D-08 -2.3984785531358227D-10
2455714.5  1.1270618485147633D-08 -2.6832633622597333D-10
2455724.5  8.4276889273023447D-09 -3.0019574388393248D-10
2455734.5  5.3265731324840650D-09 -3.1605034394853779D-10
2455744.5  2.1479329163635447D-09 -3.1951979511249430D-10
2455754.5 -1.0795054056473466D-09 -3.2530423846527837D-10
2455764.5 -4.2918503523489985D-09 -3.1345076139634262D-10
2455774.5 -7.3090100728998321D-09 -2.9010382918481760D-10
2455784.5 -1.0113741252788178D-08 -2.6978850448318925D-10
2455794.5 -1.2641100205928404D-08 -2.3245413339192503D-10
2455804.5 -1.4731434282456757D-08 -1.8649026451781480D-10
2455814.5 -1.6398710842329585D-08 -1.4587404524048253D-10
2455824.5 -1.7595812980086226D-08 -9.0986175214720755D-11
2455834.5 -1.8201981203505483D-08 -3.2244291262412650D-11
2455844.5 -1.8278889252517974D-08  1.7561313954412682D-11
2455854.5 -1.7813548428447732D-08  7.7278421915291791D-11
2455864.5 -1.6737291946501197D-08  1.3475152468199020D-10
2455874.5 -1.5167929057064548D-08  1.7912195224633479D-10
2455884.5 -1.3134237308333176D-08  2.2862997565048804D-10
2455894.5 -1.0621296744603173D-08  2.6976080574780397D-10
2455904.5 -7.7975794416478388D-09  2.9429970454186001D-10
2455914.5 -4.7259468211412616D-09  3.2050962097072920D-10
2455924.5 -1.4311194266705168D-09  3.3384368902483657D-10
2455934.5  1.8894244459419310D-09  3.2926569248511037D-10
2455944.5  5.1626983846323361D-09  3.2568988871841492D-10
2455954.5  8.3513196334013736D-09  3.0769313435234954D-10
2455964.5  1.1261156877139383D-08  2.7352440700437338D-10
2455974.5  1.3840948486761947D-08  2.4286311041058575D-10
2455984.5  1.6069853355180149D-08  1.9939514416603861D-10
2455994.5  1.7787589513604024D-08  1.4417758386509399D-10
2456004.5  1.8990554588823597D-08  9.7133616487587065D-11
2456014.5  1.9693709315649035D-08  4.1014193022338432D-11
2456024.5  1.9787501595125932D-08 -2.1139915842012989D-11
2456034.5  1.9326512462510851D-08 -7.0025680822518587D-11
2456044.5  1.8365468352662038D-08 -1.2373935968997717D-10
2456054.5  1.6845589226300643D-08 -1.7797175387807782D-10
2456064.5  1.4874787323738673D-08 -2.1488886127605323D-10
2456074.5  1.2538955076517020D-08 -2.5323174782590150D-10
2456084.5  9.8179668818901676D-09 -2.8772592472377156D-10
2456094.5  6.8586341957194053D-09 -3.0267300153803665D-10
2456104.5  3.7623733540403223D-09 -3.1733468102966946D-10
2456114.5  5.2976787179840671D-10 -3.2534958210481986D-10
2456124.5 -2.6725900538557901D-09 -3.1366242227800434D-10
2456134.5 -5.7466519612191268D-09 -3.0207077195924282D-10
2456144.5 -8.6901022559797886D-09 -2.8269378989272027D-10
2456154.5 -1.1336927621317780D-08 -2.4546228785601420D-10
2456164.5 -1.3611677632171537D-08 -2.1081358603560442D-10
2456174.5 -1.5528117216273445D-08 -1.6899082614651509D-10
2456184.5 -1.6941397232002146D-08 -1.1300179532933814D-10
2456194.5 -1.7817047017449962D-08 -6.3960534609211338D-11
2456204.5 -1.8200733814562061D-08 -1.0142259051662809D-11
2456214.5 -1.7986865441037904D-08  5.2745445279896593D-11
2456224.5 -1.7196102461557709D-08  1.0307921233397716D-10
2456234.5 -1.5916481055195651D-08  1.5447810108981297D-10
2456244.5 -1.4091388587950169D-08  2.0935214997174759D-10
2456254.5 -1.1800835896262323D-08  2.4605459669370177D-10
2456264.5 -9.1741508470899778D-09  2.8009336282395908D-10
2456274.5 -6.1981526822828114D-09  3.1293712869799036D-10
2456284.5 -3.0007314676878316D-09  3.2373561566082194D-10
2456294.5  2.6509478918687556D-10  3.2991422014053812D-10
2456304.5  3.5917625293642727D-09  3.3258165884354407D-10
2456314.5  6.8301751282832947D-09  3.1257277240768812D-10
2456324.5  9.8340386095795667D-09  2.8900348492257744D-10
2456334.5  1.2606579288640992D-08  2.6250852317107389D-10
2456344.5  1.5009505939828733D-08  2.1620325214274791D-10
2456354.5  1.6933821064547180D-08  1.7030793118491070D-10
2456364.5  1.8419845344361303D-08  1.2426339553866859D-10
2456374.5  1.9364316848258110D-08  6.3607076089956272D-11
2456384.5  1.9713762159157316D-08  8.9654014786452846D-12
2456394.5  1.9556804452405447D-08 -4.2292642278823020D-11
2456404.5  1.8834081172283928D-08 -1.0245250211707292D-10
2456414.5  1.7549446221649964D-08 -1.5093873686908707D-10
2456424.5  1.5835348218372996D-08 -1.9306807134514782D-10
2456434.5  1.3670679652165216D-08 -2.3941220359100428D-10
2456444.5  1.1106216390754567D-08 -2.6952490843495621D-10
2456454.5  8.3035417623730418D-09 -2.9164920213802658D-10
2456464.5  5.2651112682184621D-09 -3.1511841193364702D-10
2456474.5  2.0725517324890633D-09 -3.1951709958534274D-10
2456484.5 -1.1026387465553561D-09 -3.1596394066414268D-10
2456494.5 -4.2530092857392604D-09 -3.1286712628411062D-10
2456504.5 -7.2838331756876752D-09 -2.8991832939784599D-10
2456514.5 -1.0034111466713379D-08 -2.6080236029679673D-10
2456524.5 -1.2510808678664516D-08 -2.3309940140007424D-10
2456534.5 -1.4624374455084708D-08 -1.8700594291927394D-10
2456544.5 -1.6244027271667516D-08 -1.3824173740736460D-10
2456554.5 -1.7409636776345770D-08 -9.3455274023236633D-11
2456564.5 -1.8054688694167864D-08 -3.3860569664860653D-11
2456574.5 -1.8095309168985687D-08  2.3401055124592212D-11
2456584.5 -1.7619091443534625D-08  7.2966533535872936D-11
2456594.5 -1.6596468427186636D-08  1.3232018148589187D-10
2456604.5 -1.4999913867756744D-08  1.8347267904308318D-10
2456614.5 -1.2970530981486039D-08  2.2300673190619184D-10
2456624.5 -1.0519210566626133D-08  2.6723589347129383D-10
2456634.5 -7.6713722847990202D-09  2.9782790772093573D-10
2456644.5 -4.6121161200754013D-09  3.1414829050479574D-10
2456654.5 -1.3801831673484247D-09  3.3179126554868627D-10
2456664.5  1.9654291226756233D-09  3.3244160986046919D-10
2456674.5  5.2220035812328401D-09  3.1887926321621584D-10
2456684.5  8.3502738111844480D-09  3.0636971811706617D-10
2456694.5  1.1287684550907256D-08  2.7662327131908358D-10
2456704.5  1.3848003325661563D-08  2.3581706510655722D-10
2456714.5  1.6021647522967571D-08  1.9889559851359302D-10
2456724.5  1.7770221783804830D-08  1.4735580943362372D-10
2456734.5  1.8951859710731073D-08  9.0113939121321526D-11
2456744.5  1.9607347745795665D-08  4.1429015793305569D-11
2456754.5  1.9737086115377039D-08 -1.7698944856371835D-11
2456764.5  1.9255122429795200D-08 -7.6613605670507552D-11
2456774.5  1.8257174589542560D-08 -1.2224075820865677D-10
2456784.5  1.6781013816601261D-08 -1.7412860248925725D-10
2456794.5  1.4791909072860026D-08 -2.2068936703766101D-10
2456804.5  1.2431812895371354D-08 -2.5055115821521920D-10
2456814.5  9.7633035421549921D-09 -2.8358232074144687D-10
2456824.5  6.7883219124106872D-09 -3.0763700891545191D-10
2456834.5  3.6788534219408994D-09 -3.1362606293279529D-10
2456844.5  5.0480905785428500D-10 -3.2133593061925001D-10
2456854.5 -2.7136036665014597D-09 -3.1808547395148513D-10
2456864.5 -5.7939353041694648D-09 -2.9762897426938675D-10
2456874.5 -8.6772965346704225D-09 -2.7931700735169099D-10
2456884.5 -1.1344348576602292D-08 -2.4979453473619004D-10
2456894.5 -1.3622938903961913D-08 -2.0599522150086103D-10
2456904.5 -1.5482986885691246D-08 -1.6673737116522403D-10
2456914.5 -1.6924495806332977D-08 -1.1775860410350354D-10
2456924.5 -1.7805523904343267D-08 -5.9141848219520496D-11
2456934.5 -1.8140856338920193D-08 -9.2940767726370064D-12
2456944.5 -1.7965256008190105D-08  4.7278084082746182D-11
2456954.5 -1.7182518705451143D-08  1.0775613861602154D-10
2456964.5 -1.5863224203809911D-08  1.5410771879788520D-10
2456974.5 -1.4084249746096414D-08  2.0342691015365276D-10
2456984.5 -1.1800569162688889D-08  2.5091203669886652D-10
2456994.5 -9.1382395654779885D-09  2.7922213900887525D-10
2457004.5 -6.2095215420670132D-09  3.0732731763664259D-10
2457014.5 -3.0105291710812464D-09  3.2934930622283869D-10
2457024.5  2.9360917103977503D-10  3.2929836553246096D-10
2457034.5  3.5779603853207962D-09  3.2796195416547236D-10
2457044.5  6.8305378436882182D-09  3.1907347431026991D-10
2457054.5  9.8769699573677548D-09  2.8868109604930761D-10
2457064.5  1.2611366386348786D-08  2.5881324764234946D-10
2457074.5  1.5037177924624736D-08  2.2294975912531149D-10
2457084.5  1.7002428303168510D-08  1.6952267830547920D-10
2457094.5  1.8447660113220633D-08  1.2086696517851229D-10
2457104.5  1.9415535973195177D-08  6.9739486221402281D-11
2457114.5  1.9796616472224122D-08  6.8905157069835365D-12
2457124.5  1.9590375360534891D-08 -4.5871125125967027D-11
2457134.5  1.8886127701508388D-08 -9.7334211667653606D-11
2457144.5  1.7620206955344054D-08 -1.5461285275698125D-10
2457154.5  1.5847681621926399D-08 -1.9683414570723140D-10
2457164.5  1.3696433169362914D-08 -2.3513071465678392D-10
2457174.5  1.1138956275924914D-08 -2.7456478070330941D-10
2457184.5  8.2724807755437854D-09 -2.9527831391402247D-10
2457194.5  5.2460642271917901D-09 -3.1118810119948939D-10
2457204.5  2.0526211339332692D-09 -3.2540367108727111D-10
2457214.5 -1.1862679571462526D-09 -3.1906260324735887D-10
2457224.5 -4.3210927106897097D-09 -3.0880101081868067D-10
2457234.5 -7.3562729314450981D-09 -2.9606732121939016D-10
2457244.5 -1.0164988656191952D-08 -2.6301275553705505D-10
2457254.5 -1.2617820335531576D-08 -2.2853339417584838D-10
2457264.5 -1.4734943865416010D-08 -1.9283386529920965D-10
2457274.5 -1.6403436031298087D-08 -1.3920558226243920D-10
2457284.5 -1.7532989202200263D-08 -8.8185712307444565D-11
2457294.5 -1.8177819494330421D-08 -3.8982949582070951D-11
2457304.5 -1.8256099299219233D-08  2.3837944456174437D-11
2457314.5 -1.7731202703513303D-08  7.8816087194548009D-11
2457324.5 -1.6704640363328656D-08  1.2793217545609272D-10
2457334.5 -1.5135809956799744D-08  1.8526682831954920D-10
2457344.5 -1.3047189569898415D-08  2.2914915083916139D-10
2457354.5 -1.0589572019264256D-08  2.6342972898516987D-10
2457364.5 -7.7612563087467284D-09  3.0087883396345783D-10
2457374.5 -4.6348283125523770D-09  3.2031479983991458D-10
2457384.5 -1.3954396160197922D-09  3.2836899379990000D-10
2457394.5  1.9376036476960157D-09  3.3658947446497861D-10
2457404.5  5.2661170214764466D-09  3.2478639854514658D-10
2457414.5  8.4004538713910750D-09  3.0293093920396512D-10
2457424.5  1.1328888038111472D-08  2.8136534441552739D-10
2457434.5  1.3959641226162501D-08  2.4093260307023136D-10
2457444.5  1.6131860705212911D-08  1.9476239415680067D-10
2457454.5  1.7868869198620224D-08  1.5189675273794077D-10
2457464.5  1.9111142874348827D-08  9.3752715501980303D-11
2457474.5  1.9749708209443350D-08  3.5877885873822888D-11
2457484.5  1.9858376578876288D-08 -1.4187818857007893D-11
2457494.5  1.9419886004174041D-08 -7.5033581565417787D-11
2457504.5  1.8383602008903792D-08 -1.2956132267676016D-10
2457514.5  1.6873746570268625D-08 -1.7202817144732481D-10
2457524.5  1.4909253804351016D-08 -2.2123694850195369D-10
2457534.5  1.2489976265631208D-08 -2.5930220211974514D-10
2457544.5  9.7784878678462438D-09 -2.8260244736547441D-10
2457554.5  6.8142363547783593D-09 -3.0982954361937718D-10
2457564.5  3.6315818302845345D-09 -3.2291282871828304D-10
2457574.5  4.1335482528113037D-10 -3.2066970743335517D-10
2457584.5 -2.7991390147250702D-09 -3.2109977661964341D-10
2457594.5 -5.9563817202966380D-09 -3.0633227806275752D-10
2457604.5 -8.8754483793940118D-09 -2.7793571109859645D-10
2457614.5 -1.1531642379751223D-08 -2.5272695137324981D-10
2457624.5 -1.3880531237093334D-08 -2.1313230263132065D-10
2457634.5 -1.5759408307212494D-08 -1.6371397028318016D-10
2457644.5 -1.7177546942467465D-08 -1.1987686762691994D-10
2457654.5 -1.8114705961508913D-08 -6.4142341068266568D-11
2457664.5 -1.8446957332208909D-08 -4.0925243383314135D-12
2457674.5 -1.8232147489663915D-08  4.6312610100863723D-11
2457684.5 -1.7488534925854663D-08  1.0491856203685315D-10
2457694.5 -1.6143821145080046D-08  1.6145138378167405D-10
2457704.5 -1.4311668250821971D-08  2.0347410301257696D-10
2457714.5 -1.2052454596091665D-08  2.4977448155477913D-10
2457724.5 -9.3465210586663097D-09  2.8812137432328893D-10
2457734.5 -6.3569086014158239D-09  3.0788860843558311D-10
2457744.5 -3.1738427917221376D-09  3.2920096483018723D-10
2457754.5  1.8512215110792906D-10  3.3887664117782945D-10
2457764.5  3.5302005636234226D-09  3.2844442091104147D-10
2457774.5  6.7684686687660764D-09  3.1928330189688244D-10
2457784.5  9.8740143960650762D-09  2.9811205756692225D-10
2457794.5  1.2662395227208329D-08  2.5872235434346153D-10
2457804.5  1.5070047433982638D-08  2.2311071036104071D-10
2457814.5  1.7093081902988760D-08  1.7813713449608379D-10
2457824.5  1.8580526726613265D-08  1.1972246158565229D-10
2457834.5  1.9521757908022208D-08  6.9499053238237369D-11
2457844.5  1.9953863544854543D-08  1.4072977633132066D-11
2457854.5  1.9773290054604589D-08 -4.8629668159757017D-11
2457864.5  1.9029585165348576D-08 -9.8340165346752230D-11
2457874.5  1.7802716518352757D-08 -1.4937423560420712D-10
2457884.5  1.6034870060795488D-08 -2.0175061857338530D-10
2457894.5  1.3828044287659781D-08 -2.3718844800209894D-10
2457904.5  1.1294088933642284D-08 -2.7146732319476333D-10
2457914.5  8.4096221773343554D-09 -3.0248233066921627D-10
2457924.5  5.3127474980340025D-09 -3.1413807612010168D-10
2457934.5  2.1291606182449423D-09 -3.2402468836675095D-10
2457944.5 -1.1464258165049476D-09 -3.2800577745816291D-10
2457954.5 -4.3596960971436847D-09 -3.1201590635796750D-10
2457964.5 -7.3915861704979348D-09 -2.9553648231003879D-10
2457974.5 -1.0247521865796451D-08 -2.7270453571928952D-10
2457984.5 -1.2777104605713525D-08 -2.3121347298213580D-10
2457994.5 -1.4888441114493133D-08 -1.9224410254334788D-10
2458004.5 -1.6605751202371269D-08 -1.4862129101223261D-10
2458014.5 -1.7801304750750013D-08 -8.9590316014260244D-11
2458024.5 -1.8429178402272248D-08 -3.7556767113772714D-11
2458034.5 -1.8549174880370009D-08  1.5684995250100707D-11
2458044.5 -1.8071371293866232D-08  7.9409717921599517D-11
2458054.5 -1.7009160252815633D-08  1.3078243956330049D-10
2458064.5 -1.5468011392363085D-08  1.7910586706927321D-10
2458074.5 -1.3402710468882307D-08  2.3219680026214274D-10
2458084.5 -1.0887491456824204D-08  2.6785769219896075D-10
2458094.5 -8.0703973663540197D-09  2.9689677700527030D-10
2458104.5 -4.9438518014043204D-09  3.2580092340223968D-10
2458114.5 -1.6274345454539535D-09  3.3400660215128121D-10
2458124.5  1.7079276065968940D-09  3.3435827465606904D-10
2458134.5  5.0547351390627760D-09  3.3219548210402754D-10
2458144.5  8.2781144451405313D-09  3.0901476459556832D-10
2458154.5  1.1215619770536732D-08  2.8005883987302598D-10
2458164.5  1.3875111539424969D-08  2.4945602299387382D-10
2458174.5  1.6139109548840208D-08  2.0044545486032793D-10
2458184.5  1.7884172372363047D-08  1.5064710663079029D-10
2458194.5  1.9158166245709519D-08  1.0254837644722002D-10
2458204.5  1.9882509799818771D-08  4.0428658348513704D-11
2458214.5  1.9990705590743699D-08 -1.6151246078799205D-11
2458224.5  1.9579847550686875D-08 -6.6834608481965134D-11
2458234.5  1.8614690339924756D-08 -1.2686484858502997D-10
2458244.5  1.7087549202130327D-08 -1.7545905365459884D-10
2458254.5  1.5138757895832050D-08 -2.1459696710281018D-10
2458264.5  1.2767241909960254D-08 -2.5920231034387780D-10
2458274.5  1.0013717380228144D-08 -2.8809012575972969D-10
2458284.5  7.0467390555818691D-09 -3.0550265094030443D-10
2458294.5  3.8832085168890985D-09 -3.2584098626059040D-10
2458304.5  5.9496647956599405D-10 -3.2827089212163688D-10
2458314.5 -2.6397190730633247D-09 -3.1918306017534074D-10
2458324.5 -5.8047339403155680D-09 -3.1208453991198398D-10
2458334.5 -8.8174200449055232D-09 -2.8700072447519884D-10
2458344.5 -1.1509188944700311D-08 -2.5250992437096106D-10
2458354.5 -1.3883870811490596D-08 -2.2083315854205720D-10
2458364.5 -1.5868661472528396D-08 -1.7300121371029833D-10
2458374.5 -1.7323881733885517D-08 -1.2000994038979790D-10
2458384.5 -1.8291085640056171D-08 -7.2405893215944248D-11
2458394.5 -1.8725859001114943D-08 -1.2039826640058277D-11
2458404.5 -1.8534690172637852D-08  4.7476870967773887D-11
2458414.5 -1.7809848842225982D-08  9.7697624635260733D-11
2458424.5 -1.6547617510193882D-08  1.5636624706777275D-10
2458434.5 -1.4710912810736314D-08  2.0746570109582479D-10
2458444.5 -1.2445498948816908D-08  2.4501006737229051D-10
2458454.5 -9.7890863355230433D-09  2.8687163777733522D-10
2458464.5 -6.7578057134505748D-09  3.1542536274698722D-10
2458474.5 -3.5383750788623048D-09  3.2738649888506751D-10
2458484.5 -1.9375718481252524D-10  3.4131575772372587D-10
2458494.5  3.2278366868162648D-09  3.3900365446020077D-10
2458504.5  6.5264889123035369D-09  3.1981606467855295D-10
2458514.5  9.6440175248699436D-09  3.0313576232628834D-10
2458524.5  1.2531911587706011D-08  2.7084144009307692D-10
2458534.5  1.5009690056634767D-08  2.2464664540645338D-10
2458544.5  1.7055593080575912D-08  1.8419829752090442D-10
2458554.5  1.8649144295162236D-08  1.3159515160746370D-10
2458564.5  1.9653610826911607D-08  7.0500208791459302D-11
2458574.5  2.0103428130866877D-08  1.9713291289924742D-11
2458584.5  2.0019739760066453D-08 -3.8649234088164471D-11
2458594.5  1.9317998097442194D-08 -9.9225590391062692D-11
2458604.5  1.8091070663667945D-08 -1.4523189480524370D-10
2458614.5  1.6399089976412233D-08 -1.9479860591223753D-10
2458624.5  1.4203823860081585D-08 -2.4086825997437774D-10
2458634.5  1.1644815278940456D-08 -2.6945918647826317D-10
2458644.5  8.8079432839123350D-09 -2.9917881843922993D-10
2458654.5  5.6872123812465605D-09 -3.2116809951409431D-10
2458664.5  2.4501974306589031D-09 -3.2448435181244406D-10
2458674.5 -8.0931569291577287D-10 -3.2845181887873350D-10
2458684.5 -4.0823716859432260D-09 -3.2239717447041010D-10
2458694.5 -7.1937748000403176D-09 -2.9822399517524699D-10
2458704.5 -1.0061428834771984D-08 -2.7622476924810668D-10
2458714.5 -1.2679769678110827D-08 -2.4405584336945437D-10
2458724.5 -1.4886194152614594D-08 -1.9611476004727122D-10
2458734.5 -1.6630562287137437D-08 -1.5372919168524283D-10
