time ephemeris and derivative @ t0 =  0.0000000000000000D+00  3.2941952892291764D-10
integral from midnight to t0 and derivative =  1.2270879829431006D-13  3.2941952892291764D-10
epoch range =   2.4420005005113701D+06  2.4520005007428899D+06
2442000.5 -1.4308530776495571D-08  2.0983049429563699D-10
2442010.5 -1.1954809136250574D-08  2.5867002397312414D-10
2442020.5 -9.2024518317730102D-09  2.8885157596196786D-10
2442030.5 -6.1989778307970717D-09  3.1323729701558344D-10
2442040.5 -2.9399332219107641D-09  3.3562835323804323D-10
2442050.5  4.3876315662197223D-10  3.3676174551329664D-10
2442060.5  3.7728828566796340D-09  3.3145804650463191D-10
2442070.5  7.0573468801549847D-09  3.2244932616946169D-10
2442080.5  1.0148666730042795D-08  2.9260719126792171D-10
2442090.5  1.2898599380718291D-08  2.5909399318107604D-10
2442100.5  1.5323035367924357D-08  2.2332202566305858D-10
2442110.5  1.7301586015150814D-08  1.6988486122310720D-10
2442120.5  1.8730843909789423D-08  1.1817708905881894D-10
2442130.5  1.9669078735304544D-08  6.7798690524298668D-11
2442140.5  2.0037422963016690D-08  4.4882128573261880D-12
2442150.5  1.9792359480846553D-08 -5.0785470874407677D-11
2442160.5  1.9040025690295286D-08 -1.0059995442271990D-10
2442170.5  1.7744862534794378D-08 -1.5854609138008120D-10
2442180.5  1.5921644695559287D-08 -2.0297867654776951D-10
2442190.5  1.3715858138279797D-08 -2.3865339966658350D-10
2442200.5  1.1124216753994890D-08 -2.7866377839812942D-10
2442210.5  8.2065801899749900D-09 -3.0149213598585299D-10
2442220.5  5.1317783915754936D-09 -3.1393126335085841D-10
2442230.5  1.9112609906067923D-09 -3.2841307800089319D-10
2442240.5 -1.3686974559930520D-09 -3.2413960555354433D-10
2442250.5 -4.5347360833180178D-09 -3.0993133303735521D-10
2442260.5 -7.5801577632222378D-09 -2.9714195934415513D-10
2442270.5 -1.0412599206979864D-08 -2.6606342736113382D-10
2442280.5 -1.2873817296638717D-08 -2.2772178481496053D-10
2442290.5 -1.4980773081709709D-08 -1.9190091235662702D-10
2442300.5 -1.6655056130465468D-08 -1.4009704930377247D-10
2442310.5 -1.7772730791758260D-08 -8.5760061680304600D-11
2442320.5 -1.8390612496927990D-08 -3.6681324479778505D-11
2442330.5 -1.8461631169161259D-08  2.4614858423663520D-11
2442340.5 -1.7911990164434448D-08  8.2248118175023068D-11
2442350.5 -1.6848741043803281D-08  1.3070008027480345D-10
2442360.5 -1.5266659456305987D-08  1.8688493692939394D-10
2442370.5 -1.3149259070560413D-08  2.3292722776280660D-10
2442380.5 -1.0653565475083695D-08  2.6575263237292053D-10
2442390.5 -7.8135678364272831D-09  3.0240133390965649D-10
2442400.5 -4.6623870833642671D-09  3.2383371766465865D-10
2442410.5 -1.3915788230073654D-09  3.2953398229572853D-10
2442420.5  1.9452650194936199D-09  3.3724008958304804D-10
2442430.5  5.2891602058402045D-09  3.2760902073307160D-10
2442440.5  8.4429241288757954D-09  3.0268236781168003D-10
2442450.5  1.1364701568007882D-08  2.8083771147951196D-10
2442460.5  1.4000978304127746D-08  2.4297609414622419D-10
2442470.5  1.6180663270599001D-08  1.9346449214241877D-10
2442480.5  1.7903100401174518D-08  1.5047703710346057D-10
2442490.5  1.9145642217903722D-08  9.5324150641221498D-11
2442500.5  1.9784836512550961D-08  3.4289009045778717D-11
2442510.5  1.9876594269351183D-08 -1.5858542145604751D-11
2442520.5  1.9439575537268281D-08 -7.3523665442514665D-11
2442530.5  1.8403193112833641D-08 -1.3082225228360756D-10
2442540.5  1.6878394373182881D-08 -1.7337385705636475D-10
2442550.5  1.4920620231054451D-08 -2.1960307330066160D-10
2442560.5  1.2503906828843405D-08 -2.6005657448263939D-10
2442570.5  9.7808466751043459D-09 -2.8327620474447474D-10
2442580.5  6.8293548553990427D-09 -3.0807742912350791D-10
2442590.5  3.6527649780750659D-09 -3.2328943161296494D-10
2442600.5  4.2641774960339478D-10 -3.2050018501585212D-10
2442610.5 -2.7681711936338703D-09 -3.1923085796604983D-10
2442620.5 -5.9159702608809830D-09 -3.0653118982781460D-10
2442630.5 -8.8393876039439972D-09 -2.7688216692655758D-10
2442640.5 -1.1473647806256080D-08 -2.5064722380037517D-10
2442650.5 -1.3809996474858338D-08 -2.1329401956065358D-10
2442660.5 -1.5688903618194415D-08 -1.6189413275095582D-10
2442670.5 -1.7082163524591270D-08 -1.1749283190011192D-10
2442680.5 -1.8004962278974992D-08 -6.4428063629363449D-11
2442690.5 -1.8334410225399073D-08 -1.9829213041717644D-12
2442700.5 -1.8095508006234994D-08  4.8685653380070550D-11
2442710.5 -1.7341528733584404D-08  1.0398426489690279D-10
2442720.5 -1.5997714088974684D-08  1.6291753011841607D-10
2442730.5 -1.4149441040083591D-08  2.0509889129153816D-10
2442740.5 -1.1892206024067182D-08  2.4759422731998335D-10
2442750.5 -9.1981385923740435D-09  2.8815182337210586D-10
2442760.5 -6.2057497394655049D-09  3.0816031588908764D-10
2442770.5 -3.0416226057829360D-09  3.2564742515239946D-10
2442780.5  2.9209903640465732D-10  3.3734461483034456D-10
2442790.5  3.6271181213159419D-09  3.2730754193223527D-10
2442800.5  6.8321077602123669D-09  3.1487628700933343D-10
2442810.5  9.9032613480473252D-09  2.9564679949206392D-10
2442820.5  1.2675399701378929D-08  2.5674171011168676D-10
2442830.5  1.5044430672509141D-08  2.1879589052082546D-10
2442840.5  1.7033023251308695D-08  1.7587850412543375D-10
2442850.5  1.8508211023494663D-08  1.1785554526925215D-10
2442860.5  1.9417021505405059D-08  6.6252227334681053D-11
2442870.5  1.9824854489355925D-08  1.3205721592818157D-11
2442880.5  1.9645193846680545D-08 -4.9480148103334363D-11
2442890.5  1.8884267425665338D-08 -9.9904116328148478D-11
2442900.5  1.7650745574077128D-08 -1.4806532968169014D-10
2442910.5  1.5902122564661039D-08 -2.0098868783544145D-10
2442920.5  1.3697746308464193D-08 -2.3687066176917226D-10
2442930.5  1.1178162779497907D-08 -2.6779814400950840D-10
2442940.5  8.3311181634548924D-09 -3.0000139567868226D-10
2442950.5  5.2547265799288986D-09 -3.1226798804055977D-10
2442960.5  2.1039727642785826D-09 -3.1855822072807963D-10
2442970.5 -1.1216897410085420D-09 -3.2424313363407703D-10
2442980.5 -4.3033984313392390D-09 -3.0928920773743915D-10
2442990.5 -7.2911613671866309D-09 -2.8930342557124760D-10
2443000.5 -1.0093109317871659D-08 -2.6842754779077886D-10
2443010.5 -1.2589398057789085D-08 -2.2841580807415357D-10
2443020.5 -1.4654503670245190D-08 -1.8636469416931508D-10
2443030.5 -1.6322399793909291D-08 -1.4474225618781763D-10
2443040.5 -1.7492522966307326D-08 -8.7474441274898905D-11
2443050.5 -1.8081702413786090D-08 -3.3030395074652155D-11
2443060.5 -1.8165260909907694D-08  1.8142091168224061D-11
2443070.5 -1.7679252694215207D-08  8.0076561990258878D-11
2443080.5 -1.6595685954744427D-08  1.3308515243701249D-10
2443090.5 -1.5039845840444035D-08  1.7904070887022865D-10
2443100.5 -1.2992244948658054D-08  2.3063253839729980D-10
2443110.5 -1.0482006410057520D-08  2.6725613106650515D-10
2443120.5 -7.6795251152772045D-09  2.9347894454237624D-10
2443130.5 -4.6013577921596298D-09  3.2154853306987271D-10
2443140.5 -1.3199813038077502D-09  3.3045177521728802D-10
2443150.5  1.9708192756236795D-09  3.2770627992978785D-10
2443160.5  5.2431955308847333D-09  3.2567719750918045D-10
2443170.5  8.4084635623425319D-09  3.0354386460189795D-10
2443180.5  1.1282001182007207D-08  2.7154913364192193D-10
2443190.5  1.3856223344291456D-08  2.4208110131043539D-10
2443200.5  1.6056351192994033D-08  1.9497071497562506D-10
2443210.5  1.7736902277705721D-08  1.4244616733223278D-10
2443220.5  1.8935318066340933D-08  9.6241438675024628D-11
2443230.5  1.9611507241928960D-08  3.7020576827821472D-11
2443240.5  1.9674988644463994D-08 -2.1840061361270556D-11
2443250.5  1.9217636710233087D-08 -7.0192807994820425D-11
2443260.5  1.8239275774660560D-08 -1.2659009472862973D-10
2443270.5  1.6703371875604566D-08 -1.7701362535712325D-10
2443280.5  1.4750057987727447D-08 -2.1374791420392844D-10
2443290.5  1.2410597457791505D-08 -2.5467160987961296D-10
2443300.5  9.6901898904579675D-09 -2.8509675230729730D-10
2443310.5  6.7619649843295332D-09 -3.0031109802252441D-10
2443320.5  3.6731409460142280D-09 -3.1768993606870410D-10
2443330.5  4.5404543011568706D-10 -3.2160264362567679D-10
2443340.5 -2.7087965988702526D-09 -3.1064686365251689D-10
2443350.5 -5.7706400257747827D-09 -3.0188289256338572D-10
2443360.5 -8.6937401353231978D-09 -2.7853612297452125D-10
2443370.5 -1.1299153670938397D-08 -2.4248149765532749D-10
2443380.5 -1.3563580654578067D-08 -2.1062018082316764D-10
2443390.5 -1.5459578661132921D-08 -1.6512515065804540D-10
2443400.5 -1.6836085801686982D-08 -1.1074341806298721D-10
2443410.5 -1.7709270662605039D-08 -6.4269094698160375D-11
2443420.5 -1.8078531574503222D-08 -7.1119249523051519D-12
2443430.5 -1.7837425416135345D-08  5.3776543992932655D-11
2443440.5 -1.7055651354840566D-08  1.0192925889051994D-10
2443450.5 -1.5770918619185058D-08  1.5647809649846284D-10
2443460.5 -1.3929755944940830D-08  2.0900095487656564D-10
2443470.5 -1.1659627709702764D-08  2.4404375881963789D-10
2443480.5 -9.0364406061082346D-09  2.8126070315114541D-10
2443490.5 -6.0539247726644634D-09  3.1140508548689597D-10
2443500.5 -2.8854498965251832D-09  3.2109602903295333D-10
2443510.5  3.7128311357948868D-10  3.3058917290793769D-10
2443520.5  3.6972697624941189D-09  3.3019413124746092D-10
2443530.5  6.9013528976194867D-09  3.0954056719126662D-10
2443540.5  9.8932667078960629D-09  2.8942784386399406D-10
2443550.5  1.2659728779316483D-08  2.5960480749046729D-10
2443560.5  1.5025760716221783D-08  2.1301906959945156D-10
2443570.5  1.6938117575738025D-08  1.7070588500762590D-10
2443580.5  1.8415436183260888D-08  1.2127499086215640D-10
2443590.5  1.9324105795699219D-08  6.0638302455369401D-11
2443600.5  1.9665558810420637D-08  9.6461907238834040D-12
2443610.5  1.9501515470466463D-08 -4.4885215465761069D-11
2443620.5  1.8748263874624220D-08 -1.0475492368492927D-10
2443630.5  1.7463876842173619D-08 -1.4964768053126099D-10
2443640.5  1.5748493392441172D-08 -1.9489525048839797D-10
2443650.5  1.3561882193419052D-08 -2.4064774426358527D-10
2443660.5  1.1008858042526592D-08 -2.6740683364186267D-10
2443670.5  8.2130830455302085D-09 -2.9257403939125055D-10
2443680.5  5.1627119621794169D-09 -3.1506539571850298D-10
2443690.5  1.9931569218009915D-09 -3.1657039435295862D-10
2443700.5 -1.1672882553564007D-09 -3.1612643314856451D-10
2443710.5 -4.3205305959381639D-09 -3.1159972151336088D-10
2443720.5 -7.3193610035104008D-09 -2.8638104901414673D-10
2443730.5 -1.0050029681870535D-08 -2.6058267169899423D-10
2443740.5 -1.2523728673756032D-08 -2.3102882768460412D-10
2443750.5 -1.4601197538020731D-08 -1.8329895460772027D-10
2443760.5 -1.6201240937471394D-08 -1.3816785064336881D-10
2443770.5 -1.7362805074736905D-08 -9.1213885024302477D-11
2443780.5 -1.7973377108086072D-08 -3.0468272196327199D-11
2443790.5 -1.7999787485370116D-08  2.2815369735590184D-11
2443800.5 -1.7523354283533093D-08  7.4791646967243630D-11
2443810.5 -1.6472320394403759D-08  1.3503464727755200D-10
2443820.5 -1.4870689348037017D-08  1.8198442603227724D-10
2443830.5 -1.2847170417115514D-08  2.2420040910089673D-10
2443840.5 -1.0374176253316890D-08  2.6925589840399626D-10
2443850.5 -7.5301125912051111D-09  2.9564005121208346D-10
2443860.5 -4.4813418481513691D-09  3.1486700452809916D-10
2443870.5 -1.2326598249330156D-09  3.3321748024101335D-10
2443880.5  2.1018952059679411D-09  3.2979597628524097D-10
2443890.5  5.3444318254906526D-09  3.1920352593613496D-10
2443900.5  8.4846525705432924D-09  3.0706784639085020D-10
2443910.5  1.1403555583568181D-08  2.7350072630025183D-10
2443920.5  1.3945181080001981D-08  2.3565932932941983D-10
2443930.5  1.6124665843904778D-08  1.9867283202622408D-10
2443940.5  1.7847273208221962D-08  1.4373789553818068D-10
2443950.5  1.9005583333914332D-08  8.9573372719209647D-11
2443960.5  1.9661504921758033D-08  4.0386162793669332D-11
2443970.5  1.9760112004422335D-08 -2.1623464297918596D-11
2443980.5  1.9252911937786769D-08 -7.7155919013374591D-11
2443990.5  1.8253268447206639D-08 -1.2368917500665507D-10
2444000.5  1.6745173137859192D-08 -1.7796221352126097D-10
2444010.5  1.4733919663839368D-08 -2.2069152790641048D-10
2444020.5  1.2374651155353280D-08 -2.5184871319090200D-10
2444030.5  9.6784063629148705D-09 -2.8685398258173445D-10
2444040.5  6.6897395304821055D-09 -3.0664972849377799D-10
2444050.5  3.5877224727546878D-09 -3.1429579825928344D-10
2444060.5  3.9405275476481835D-10 -3.2367194832700646D-10
2444070.5 -2.8258797141781822D-09 -3.1592619356023364D-10
2444080.5 -5.8898446007134096D-09 -2.9741354069725707D-10
2444090.5 -8.7830683412724730D-09 -2.8055699471986873D-10
2444100.5 -1.1438690862245167D-08 -2.4656371914609515D-10
2444110.5 -1.3692101958415882D-08 -2.0493120182090893D-10
2444120.5 -1.5553413602025405D-08 -1.6697545234325730D-10
2444130.5 -1.6972848037334834D-08 -1.1377213103913262D-10
2444140.5 -1.7822508051117332D-08 -5.7573405881334094D-11
2444150.5 -1.8154367910426008D-08 -8.8634210604858080D-12
2444160.5 -1.7950907743674139D-08  5.1536792052252722D-11
2444170.5 -1.7135503823412202D-08  1.0923517437841825D-10
2444180.5 -1.5813603170315685D-08  1.5470607063144308D-10
2444190.5 -1.4007190252297600D-08  2.0738531842065765D-10
2444200.5 -1.1695566784351864D-08  2.5162291464779447D-10
2444210.5 -9.0370491831315697D-09  2.7945484490119480D-10
2444220.5 -6.0870453271895348D-09  3.1048722411603936D-10
2444230.5 -2.8699239952594676D-09  3.2879358516755805D-10
2444240.5  4.2065416024689998D-10  3.2880174508943617D-10
2444250.5  3.7170150641704138D-09  3.3010319042118783D-10
2444260.5  6.9758722367867142D-09  3.1716401181573454D-10
2444270.5  9.9990977202397319D-09  2.8739788445493507D-10
2444280.5  1.2736617527839588D-08  2.6004753413552603D-10
2444290.5  1.5158053171829113D-08  2.1996693630188707D-10
2444300.5  1.7092835878647803D-08  1.6761662206808690D-10
2444310.5  1.8534784872399586D-08  1.2145425322488210D-10
2444320.5  1.9490039172407386D-08  6.6059260618498378D-11
2444330.5  1.9836039195422871D-08  4.5992229383282695D-12
2444340.5  1.9623169169374989D-08 -4.5673235247699915D-11
2444350.5  1.8900822625467390D-08 -1.0132850640231381D-10
2444360.5  1.7598396656634963D-08 -1.5692338156174548D-10
2444370.5  1.5819919484414085D-08 -1.9672721752403059D-10
2444380.5  1.3649093513051220D-08 -2.3896870967281744D-10
2444390.5  1.1058283128724823D-08 -2.7635672846407318D-10
2444400.5  8.1915649405039675D-09 -2.9487143775095319D-10
2444410.5  5.1495475837873571D-09 -3.1430473600714636D-10
2444420.5  1.9316919590229157D-09 -3.2603038271675819D-10
2444430.5 -1.2963700559759030D-09 -3.1787368304087120D-10
2444440.5 -4.4371820445454168D-09 -3.1071868361273687D-10
2444450.5 -7.4834708473640271D-09 -2.9510357918858309D-10
2444460.5 -1.0267953706488130D-08 -2.6082546336398469D-10
2444470.5 -1.2715687029301607D-08 -2.2927371460790593D-10
2444480.5 -1.4831278895685272D-08 -1.9041697166104264D-10
2444490.5 -1.6464984600353971D-08 -1.3627104803448764D-10
2444500.5 -1.7582049386674746D-08 -8.8242983999804760D-11
2444510.5 -1.8217297643672178D-08 -3.5649240072902247D-11
2444520.5 -1.8255744619867975D-08  2.7038152985806199D-11
2444530.5 -1.7716734196362775D-08  7.8824006862707921D-11
2444540.5 -1.6678090264612644D-08  1.3150057535626197D-10
2444550.5 -1.5070631378400582D-08  1.8814703320198797D-10
2444560.5 -1.2972770461741458D-08  2.2861539092169579D-10
2444570.5 -1.0506359878497004D-08  2.6651929622322098D-10
2444580.5 -7.6466765312864457D-09  3.0287592467316764D-10
2444590.5 -4.5214139075862645D-09  3.1882807341729545D-10
2444600.5 -1.2809940440036982D-09  3.3046483160049401D-10
2444610.5  2.0723348931650243D-09  3.3737793175132138D-10
2444620.5  5.3868329351415989D-09  3.2228017189764293D-10
2444630.5  8.5130192730380589D-09  3.0392435358338541D-10
2444640.5  1.1450785031735387D-08  2.8099710728979071D-10
2444650.5  1.4056394809659050D-08  2.3770124829268216D-10
2444660.5  1.6213680229839528D-08  1.9498867122997165D-10
2444670.5  1.7952891154019545D-08  1.5071715031939188D-10
2444680.5  1.9163567110937953D-08  9.0277835545012408D-11
2444690.5  1.9785026099376642D-08  3.5876807066037908D-11
2444700.5  1.9893474964763960D-08 -1.5810474013261344D-11
2444710.5  1.9421724134660264D-08 -7.8338802669719407D-11
2444720.5  1.8370296425164800D-08 -1.2934178100814525D-10
2444730.5  1.6860908377358834D-08 -1.7383050838777029D-10
2444740.5  1.4864962838970809D-08 -2.2411022422455140D-10
2444750.5  1.2435393863526129D-08 -2.5855926461952496D-10
2444760.5  9.7269449120462799D-09 -2.8430720158535798D-10
2444770.5  6.7358756799899352D-09 -3.1206880010152305D-10
2444780.5  3.5502157107994381D-09 -3.2142166657960693D-10
2444790.5  3.3930902889457714D-10 -3.2195847380906922D-10
2444800.5 -2.8931509323249329D-09 -3.2255799631976055D-10
2444810.5 -6.0443103583679922D-09 -3.0398599361955694D-10
2444820.5 -8.9505630745372052D-09 -2.7859202352605358D-10
2444830.5 -1.1619069019231567D-08 -2.5336702934973081D-10
2444840.5 -1.3952305514235439D-08 -2.1000314835955050D-10
2444850.5 -1.5812976835228434D-08 -1.6374439705833760D-10
2444860.5 -1.7236900027659413D-08 -1.1980204945441348D-10
2444870.5 -1.8150221345711248D-08 -6.0496232415423255D-11
2444880.5 -1.8460845208864871D-08 -3.7489189760670900D-12
2444890.5 -1.8248237107657079D-08  4.6872440226061813D-11
2444900.5 -1.7475993782301669D-08  1.0866187543828346D-10
2444910.5 -1.6109942831657613D-08  1.6173451301727443D-10
2444920.5 -1.4280480909511800D-08  2.0419715579358087D-10
2444930.5 -1.1992704642293911D-08  2.5313794529666550D-10
2444940.5 -9.2701756173836383D-09  2.8785902837832786D-10
2444950.5 -6.2877609064426332D-09  3.0841816476429613D-10
2444960.5 -3.0810031647114376D-09  3.3180947516815884D-10
2444970.5  2.8634589516135736D-10  3.3771470130315870D-10
2444980.5  3.6173889548180741D-09  3.2853403515736112D-10
2444990.5  6.8721898572678988D-09  3.2107863493278843D-10
2445000.5  9.9776444569876877D-09  2.9606041101527386D-10
2445010.5  1.2746643021886364D-08  2.5848002888177610D-10
2445020.5  1.5165834827498314D-08  2.2442933499757453D-10
2445030.5  1.7183234995570323D-08  1.7551079548040499D-10
2445040.5  1.8649493901778763D-08  1.1939907645986018D-10
2445050.5  1.9600317096225532D-08  7.0631822584219945D-11
2445060.5  2.0023215298144171D-08  1.1128173244521607D-11
2445070.5  1.9821656205597343D-08 -4.8929940349158633D-11
2445080.5  1.9086794275912269D-08 -9.7345014348117716D-11
2445090.5  1.7847380988876667D-08 -1.5247270528508301D-10
2445100.5  1.6059426924083467D-08 -2.0199188271947444D-10
2445110.5  1.3861272123899726D-08 -2.3634969553669034D-10
2445120.5  1.1312007033043241D-08 -2.7454222465678886D-10
2445130.5  8.4088968249169296D-09 -3.0260296076257297D-10
2445140.5  5.3211166796263646D-09 -3.1348893229554657D-10
2445150.5  2.1205163668109547D-09 -3.2694435133777382D-10
2445160.5 -1.1715552482700026D-09 -3.2787840224809417D-10
2445170.5 -4.3742028781148037D-09 -3.1151309871656253D-10
2445180.5 -7.4229511694073014D-09 -2.9816945363745446D-10
2445190.5 -1.0291812224711793D-08 -2.7210196458248088D-10
2445200.5 -1.2807588994355458D-08 -2.3071393226248317D-10
2445210.5 -1.4933464454379229D-08 -1.9446119881361513D-10
2445220.5 -1.6658326751018895D-08 -1.4729035998347429D-10
2445230.5 -1.7835490060399019D-08 -8.8920711725104578D-11
2445240.5 -1.8473970319741168D-08 -3.9277416219403027D-11
2445250.5 -1.8594773508637573D-08  1.7878402379570328D-11
2445260.5 -1.8093792047400695D-08  8.0346740835773640D-11
2445270.5 -1.7037921219805131D-08  1.2953394758359790D-10
2445280.5 -1.5490825882958030D-08  1.8205080936506508D-10
2445290.5 -1.3398954863600071D-08  2.3334852462432204D-10
2445300.5 -1.0887141071998072D-08  2.6691397478954678D-10
2445310.5 -8.0592352637599751D-09  3.0023203375499921D-10
2445320.5 -4.9054961306821142D-09  3.2694749240866876D-10
2445330.5 -1.5924969922131923D-09  3.3307401312618323D-10
2445340.5  1.7551128192142637D-09  3.3761084919845992D-10
2445350.5  5.1263424430972612D-09  3.3300891169205484D-10
2445360.5  8.3426138137951342D-09  3.0779826404827617D-10
2445370.5  1.1290246542004661D-08  2.8283704377500832D-10
2445380.5  1.3968484020216720D-08  2.4962274234990842D-10
2445390.5  1.6218842846173709D-08  1.9880979337228250D-10
2445400.5  1.7969784366350063D-08  1.5276850329992370D-10
2445410.5  1.9255514854976341D-08  1.0190213489276221D-10
2445420.5  1.9959163667614047D-08  3.8472340744199712D-11
2445430.5  2.0069131540266279D-08 -1.4615555792857457D-11
2445440.5  1.9663834292940750D-08 -6.8238009173202349D-11
2445450.5  1.8673079506697279D-08 -1.2888161401383275D-10
2445460.5  1.7145637251687433D-08 -1.7424712022381306D-10
2445470.5  1.5198556500573357D-08 -2.1654310080831253D-10
2445480.5  1.2799853281793933D-08 -2.6104089189186897D-10
2445490.5  1.0046270247346853D-08 -2.8692734508387143D-10
2445500.5  7.0791694890142725D-09 -3.0777794367987567D-10
2445510.5  3.8891469968370556D-09 -3.2741605095030978D-10
2445520.5  6.0244054777790513D-10 -3.2698859769466210D-10
2445530.5 -2.6332778816820733D-09 -3.2161637601697602D-10
2445540.5 -5.8229703929391870D-09 -3.1336582448527558D-10
2445550.5 -8.8312874198801615D-09 -2.8545431587717031D-10
2445560.5 -1.1523910740586491D-08 -2.5485728660219047D-10
2445570.5 -1.3919757753578409D-08 -2.2164664646721040D-10
2445580.5 -1.5894723197836531D-08 -1.7096442685043233D-10
2445590.5 -1.7348047755055819D-08 -1.2189172578637151D-10
2445600.5 -1.8329925671660333D-08 -7.2438919333664742D-11
2445610.5 -1.8746466441453049D-08 -9.3776100695547477D-12
2445620.5 -1.8548736667063766D-08  4.6259549957640639D-11
2445630.5 -1.7831326227493641D-08  9.8485614651997926D-11
2445640.5 -1.6543308149082719D-08  1.5937894659395029D-10
2445650.5 -1.4697263212694581D-08  2.0665816710931070D-10
2445660.5 -1.2435504969078864D-08  2.4626285693630629D-10
2445670.5 -9.7504931586742349D-09  2.8971538356494946D-10
2445680.5 -6.7112102681548059D-09  3.1456756177939611D-10
2445690.5 -3.4961123389696116D-09  3.2872599300550165D-10
2445700.5 -1.2457593258525143D-10  3.4362767696917884D-10
2445710.5  3.3003698578345620D-09  3.3770894556532823D-10
2445720.5  6.5908462973566334D-09  3.2097739524800730D-10
2445730.5  9.7304039430041504D-09  3.0470731443198744D-10
2445740.5  1.2614639540334731D-08  2.6884645441008315D-10
2445750.5  1.5079024869418794D-08  2.2548503221813437D-10
2445760.5  1.7140607271484096D-08  1.8498966763448196D-10
2445770.5  1.8722819908980758D-08  1.2886020726327639D-10
2445780.5  1.9709561638367524D-08  7.1010855381885279D-11
2445790.5  2.0169340990307269D-08  1.9876900572289076D-11
2445800.5  2.0068058501859984D-08 -4.1899609377315528D-11
2445810.5  1.9347080273771690D-08 -9.8887554502033185D-11
2445820.5  1.8127086451510014D-08 -1.4536694807413656D-10
2445830.5  1.6414545748294574D-08 -1.9812004882597439D-10
2445840.5  1.4202463200405610D-08 -2.4039517531179242D-10
2445850.5  1.1651414456881709D-08 -2.6948798793886170D-10
2445860.5  8.7950160125963846D-09 -3.0207533388951464D-10
2445870.5  5.6635099236243697D-09 -3.2022609579017479D-10
2445880.5  2.4390597718968948D-09 -3.2413994093725516D-10
2445890.5 -8.3630773739785734D-10 -3.3063260642350034D-10
2445900.5 -4.1126226096602832D-09 -3.2083433951710076D-10
2445910.5 -7.2059101097533425D-09 -2.9756730510408235D-10
2445920.5 -1.0085846239132759D-08 -2.7773074270129180D-10
2445930.5 -1.2701095639667247D-08 -2.4195509984112642D-10
2445940.5 -1.4885612140533227D-08 -1.9544032511758579D-10
2445950.5 -1.6640388283026583D-08 -1.5478546827949876D-10
2445960.5 -1.7931445911639839D-08 -1.0068437505000611D-10
2445970.5 -1.8629311473492348D-08 -4.0508193024051182D-11
2445980.5 -1.8783116621192120D-08  1.0083336685279159D-11
2445990.5 -1.8392911327203563D-08  6.9951228455236161D-11
2446000.5 -1.7379672245329179D-08  1.2981539624432036D-10
2446010.5 -1.5850192135663981D-08  1.7570280292083361D-10
2446020.5 -1.3847207785456365D-08  2.2615757968199287D-10
2446030.5 -1.1345156657933229D-08  2.7031959975270999D-10
2446040.5 -8.5046634582211597D-09  2.9668071726382675D-10
2446050.5 -5.4045736240937910D-09  3.2408386389977449D-10
2446060.5 -2.0599355639481495D-09  3.4039781906835805D-10
2446070.5  1.3355717658303504D-09  3.3724544786399425D-10
2446080.5  4.6908668412726963D-09  3.3438844243683179D-10
2446090.5  7.9771682244580647D-09  3.1860788094698471D-10
2446100.5  1.1000739868287801D-08  2.8486798461775150D-10
2446110.5  1.3691211823241543D-08  2.5395246967196476D-10
2446120.5  1.6036381870035101D-08  2.1157541624211295D-10
2446130.5  1.7874508894223467D-08  1.5558264340758903D-10
2446140.5  1.9183453223867310D-08  1.0726593951356440D-10
2446150.5  1.9988382708598190D-08  5.1221242579631665D-11
2446160.5  2.0177843140278225D-08 -1.2683116365621932D-11
2446170.5  1.9789825038973651D-08 -6.3491785918389368D-11
2446180.5  1.8891711317715390D-08 -1.1772611879385398D-10
2446190.5  1.7422613555864229D-08 -1.7426153347792805D-10
2446200.5  1.5476040575885510D-08 -2.1332038471268706D-10
2446210.5  1.3152539994043612D-08 -2.5240345280411461D-10
2446220.5  1.0429247024193365D-08 -2.8939641202709133D-10
2446230.5  7.4408328899124174D-09 -3.0637000219746439D-10
2446240.5  4.3048272384378397D-09 -3.2169534729528365D-10
2446250.5  1.0183191754526086D-09 -3.3208640450242661D-10
2446260.5 -2.2617886113720992D-09 -3.2201884914072663D-10
2446270.5 -5.4201605197281962D-09 -3.1073070602358230D-10
2446280.5 -8.4587667026318190D-09 -2.9331840220647444D-10
2446290.5 -1.1219062809053386D-08 -2.5706731193441132D-10
2446300.5 -1.3607426934423478D-08 -2.2213188593645320D-10
2446310.5 -1.5642699792113084D-08 -1.8162716339148328D-10
2446320.5 -1.7185304409837751D-08 -1.2574769700915339D-10
2446330.5 -1.8181587346169757D-08 -7.5585712058421273D-11
2446340.5 -1.8683062511981921D-08 -2.2196881322486560D-11
2446350.5 -1.8587297654924778D-08  4.1680059698648087D-11
2446360.5 -1.7895138867245784D-08  9.4128636851529608D-11
2446370.5 -1.6701810862204395D-08  1.4610059093503621D-10
2446380.5 -1.4952377533534465D-08  2.0309434004150954D-10
2446390.5 -1.2707657474076600D-08  2.4279233424167008D-10
2446400.5 -1.0106523586716109D-08  2.7820045334089814D-10
2446410.5 -7.1372790339549743D-09  3.1392962304593103D-10
2446420.5 -3.9111528774802768D-09  3.2806912590278876D-10
2446430.5 -5.9419760610948625D-10  3.3575778587624472D-10
2446440.5  2.8033039209072766D-09  3.4127633146586912D-10
2446450.5  6.1450688820240296D-09  3.2408423555050289D-10
2446460.5  9.2681029490483696D-09  3.0127242705731604D-10
2446470.5  1.2171543741661153D-08  2.7671818082689406D-10
2446480.5  1.4726605011713402D-08  2.3193722129939745D-10
2446490.5  1.6805255685758571D-08  1.8541087700787346D-10
2446500.5  1.8443851636574891D-08  1.3993122313528807D-10
2446510.5  1.9547140497086699D-08  7.9233070932568175D-11
2446520.5  2.0042210884310724D-08  2.2494538647007971D-11
2446530.5  2.0015824920580536D-08 -2.9469032671589813D-11
2446540.5  1.9416749172721884D-08 -9.0984717928923099D-11
2446550.5  1.8230456501114259D-08 -1.4262233782536039D-10
2446560.5  1.6590984462801505D-08 -1.8623103855555131D-10
2446570.5  1.4486130887062197D-08 -2.3469135127043595D-10
2446580.5  1.1950015980525605D-08 -2.6837046066653139D-10
2446590.5  9.1496028596953120D-09 -2.9213197768192485D-10
2446600.5  6.0968895223816895D-09 -3.1786911840166880D-10
2446610.5  2.8586263988462007D-09 -3.2562641110291406D-10
2446620.5 -3.8495650905275127D-10 -3.2332148795950843D-10
2446630.5 -3.6167018198400538D-09 -3.2213814030426114D-10
2446640.5 -6.7553203992903910D-09 -3.0187396091684303D-10
2446650.5 -9.6284936549986868D-09 -2.7322322344606699D-10
2446660.5 -1.2233825338845337D-08 -2.4674057886646702D-10
2446670.5 -1.4494214329112737D-08 -2.0236629813500727D-10
2446680.5 -1.6265581205283206D-08 -1.5303742287850236D-10
2446690.5 -1.7579202245212670D-08 -1.0858109135475379D-10
2446700.5 -1.8380291596588211D-08 -4.9562547294489318D-11
2446710.5 -1.8569996334921475D-08  9.4466532303282191D-12
2446720.5 -1.8228365877247291D-08  5.9703322059586256D-11
2446730.5 -1.7336886670309775D-08  1.1973907983512502D-10
2446740.5 -1.5851779848197351D-08  1.7388139866143504D-10
2446750.5 -1.3908219268742373D-08  2.1514781796209026D-10
2446760.5 -1.1528065217350223D-08  2.6122793144407647D-10
2446770.5 -8.7207238673142994D-09  2.9577777589580000D-10
2446780.5 -5.6686884063182530D-09  3.1445594884612742D-10
2446790.5 -2.4232243526375092D-09  3.3451585711992468D-10
2446800.5  9.7062150111139756D-10  3.3931106061246594D-10
2446810.5  4.3082025816489581D-09  3.2787950563069603D-10
2446820.5  7.5353031552936325D-09  3.1742011132971295D-10
2446830.5  1.0600717768929521D-08  2.9103538306873916D-10
2446840.5  1.3312066776904002D-08  2.5125038601505235D-10
2446850.5  1.5643227142656742D-08  2.1523211063727293D-10
2446860.5  1.7565650053218049D-08  1.6558843416733839D-10
2446870.5  1.8928434689745366D-08  1.0773832446275889D-10
2446880.5  1.9755827685212623D-08  5.8462781551602283D-11
2446890.5  2.0058203570628582D-08 -4.3458144619568992D-13
2446900.5  1.9739488639802488D-08 -6.1582095899094658D-11
2446910.5  1.8880833187206330D-08 -1.0910404827119588D-10
2446920.5  1.7531567604066521D-08 -1.6211313478920510D-10
2446930.5  1.5647190290580170D-08 -2.1206741584922537D-10
2446940.5  1.3358361838323320D-08 -2.4457083491634956D-10
2446950.5  1.0741423641964659D-08 -2.7945582050102979D-10
2446960.5  7.7895472011714021D-09 -3.0738797694430280D-10
2446970.5  4.6671097792649692D-09 -3.1608377364251981D-10
2446980.5  1.4599995188490781D-09 -3.2567967716178722D-10
2446990.5 -1.8193300873486534D-09 -3.2610144850791164D-10
2447000.5 -4.9925066534723201D-09 -3.0776804919427889D-10
2447010.5 -7.9828196962474768D-09 -2.9075249284892090D-10
2447020.5 -1.0778127995860257D-08 -2.6411610046775307D-10
2447030.5 -1.3207217438401278D-08 -2.2134155274528885D-10
2447040.5 -1.5221042240515086D-08 -1.8234896232689090D-10
2447050.5 -1.6827013618288563D-08 -1.3507879861914074D-10
2447060.5 -1.7881644108458436D-08 -7.6103666227886266D-11
2447070.5 -1.8380639627082593D-08 -2.5305054470868976D-11
2447080.5 -1.8367203019848523D-08  3.0871855276623243D-11
2447090.5 -1.7741958100414036D-08  9.3100909624371858D-11
2447100.5 -1.6557342264598895D-08  1.4154070380712242D-10
2447110.5 -1.4900324757544926D-08  1.9165455645902429D-10
2447120.5 -1.2721968085924006D-08  2.4204751006653291D-10
2447130.5 -1.0131984166443796D-08  2.7328030319001475D-10
2447140.5 -7.2549152628502638D-09  3.0300510512656844D-10
2447150.5 -4.0831874354805999D-09  3.2862167914355098D-10
2447160.5 -7.6825805780502727D-10  3.3178666544830194D-10
2447170.5  2.5497931692967588D-09  3.3227472293748381D-10
2447180.5  5.8616477153082941D-09  3.2697582626278592D-10
2447190.5  9.0033024916087623D-09  2.9936303193929195D-10
2447200.5  1.1850636466339870D-08  2.7077506999294299D-10
2447210.5  1.4408759490167841D-08  2.3775288405327598D-10
2447220.5  1.6532738421954709D-08  1.8595950599341139D-10
2447230.5  1.8142472123775531D-08  1.3740219446469753D-10
2447240.5  1.9282143089058013D-08  8.7805096107964742D-11
2447250.5  1.9846734872946620D-08  2.5010512163623325D-11
2447260.5  1.9814276293657336D-08 -2.9115275025090344D-11
2447270.5  1.9276895725597815D-08 -8.0525415806227431D-11
2447280.5  1.8174023166985669D-08 -1.3930773639086806D-10
2447290.5  1.6540308348746599D-08 -1.8418572886596241D-10
2447300.5  1.4509005650005579D-08 -2.2363228650950329D-10
2447310.5  1.2055641069464166D-08 -2.6570118771048013D-10
2447320.5  9.2592784785961853D-09 -2.8984582620269052D-10
2447330.5  6.2777078041001676D-09 -3.0751392276674942D-10
2447340.5  3.1075897358224456D-09 -3.2484056794153100D-10
2447350.5 -1.4510186420167308D-10 -3.2203482703880785D-10
2447360.5 -3.3187760315172278D-09 -3.1348452139711722D-10
2447370.5 -6.4136678658465236D-09 -3.0373164661736121D-10
2447380.5 -9.3163506382868981D-09 -2.7371733578859779D-10
2447390.5 -1.1882178788257108D-08 -2.4033798574503588D-10
2447400.5 -1.4127042868138853D-08 -2.0695815067995201D-10
2447410.5 -1.5949200363591027D-08 -1.5532454186011201D-10
2447420.5 -1.7240151248900446D-08 -1.0427959764483174D-10
2447430.5 -1.8050024013903282D-08 -5.6243915092009771D-11
2447440.5 -1.8306081111386859D-08  6.0681662209278644D-12
2447450.5 -1.7951666020925509D-08  6.2512182810584298D-11
2447460.5 -1.7085564096357560D-08  1.1182835057121025D-10
2447470.5 -1.5675234252285999D-08  1.7018826127379782D-10
2447480.5 -1.3723115047890780D-08  2.1687836188526718D-10
2447490.5 -1.1379911693532657D-08  2.5252011679325066D-10
2447500.5 -8.6522084404580131D-09  2.9214741416656258D-10
2447510.5 -5.5940335072252095D-09  3.1525559004704234D-10
2447520.5 -2.3939553206716824D-09  3.2527641872458212D-10
2447530.5  9.1938759193446152D-10  3.3617941304728191D-10
2447540.5  4.2642796446884177D-09  3.2823541545524127D-10
2447550.5  7.4438336143455876D-09  3.0824638133989528D-10
2447560.5  1.0435846254195830D-08  2.8916470927979499D-10
2447570.5  1.3162940304964506D-08  2.5207267879042623D-10
2447580.5  1.5453375072312966D-08  2.0701091330863794D-10
2447590.5  1.7319507226303318D-08  1.6584539735125537D-10
2447600.5  1.8714564987005634D-08  1.0995931295980657D-10
2447610.5  1.9515819506787835D-08  5.1991060419431511D-11
2447620.5  1.9786648985890275D-08  2.4855564511580211D-12
2447630.5  1.9521434605466078D-08 -5.7494934591109584D-11
2447640.5  1.8654070917577757D-08 -1.1349080508776392D-10
2447650.5  1.7299877017434410D-08 -1.5662316402752941D-10
2447660.5  1.5489055768029471D-08 -2.0635628366825208D-10
2447670.5  1.3205602539249591D-08 -2.4713927796695222D-10
2447680.5  1.0605653484876580D-08 -2.7211603428773727D-10
2447690.5  7.7403670304755553D-09 -3.0094992104196285D-10
2447700.5  4.6288524802760609D-09 -3.1761822290278286D-10
2447710.5  1.4506508662463920D-09 -3.1761026957897382D-10
2447720.5 -1.7401671333615154D-09 -3.2021453744485758D-10
2447730.5 -4.9081712788533618D-09 -3.0934079956756992D-10
2447740.5 -7.8700823097566351D-09 -2.8313760373563820D-10
2447750.5 -1.0587105883025117D-08 -2.6004062443053082D-10
2447760.5 -1.3027478861414940D-08 -2.2399208535770480D-10
2447770.5 -1.5024228236967664D-08 -1.7606904956640836D-10
2447780.5 -1.6571325636248740D-08 -1.3362800891081232D-10
2447790.5 -1.7659791890623467D-08 -8.0436586048022735D-11
2447800.5 -1.8157755755561731D-08 -2.0594213148932340D-11
2447810.5 -1.8107205690036099D-08  2.9667090084247660D-11
2447820.5 -1.7536779733912007D-08  8.7212131846521398D-11
2447830.5 -1.6363645830039937D-08  1.4515860139216473D-10
2447840.5 -1.4686343921736143D-08  1.8849521836164705D-10
2447850.5 -1.2576044090998221D-08  2.3528430575683757D-10
2447860.5 -1.0001840544742345D-08  2.7653353138728330D-10
2447870.5 -7.1141296187606283D-09  2.9876106334136246D-10
2447880.5 -4.0159741367457916D-09  3.2164937135873469D-10
2447890.5 -7.1471029066963947D-10  3.3509511152934068D-10
2447900.5  2.6087960335398229D-09  3.2753276833338584D-10
2447910.5  5.8460678347930305D-09  3.2027113749289909D-10
2447920.5  8.9799720027233873D-09  3.0294305643140767D-10
2447930.5  1.1831168157097560D-08  2.6603973557839529D-10
2447940.5  1.4318185818339177D-08  2.3190716257451186D-10
2447950.5  1.6444624303135442D-08  1.9010739790753510D-10
2447960.5  1.8061093934654749D-08  1.3312666641293441D-10
2447970.5  1.9137753831023733D-08  8.3398606929382113D-11
2447980.5  1.9718810149090211D-08  2.9997546285637833D-11
2447990.5  1.9699883023543261D-08 -3.2643901906555629D-11
2448000.5  1.9111502555615867D-08 -8.3040362462750355D-11
2448010.5  1.8041602481300961D-08 -1.3328359440823713D-10
2448020.5  1.6430361571847714D-08 -1.8691048787499742D-10
2448030.5  1.4361991916989179D-08 -2.2409593318408582D-10
2448040.5  1.1957679148088890D-08 -2.5866904821736990D-10
2448050.5  9.1912133008117135D-09 -2.9203869998363786D-10
2448060.5  6.1845801495713457D-09 -3.0625361336185656D-10
2448070.5  3.0746868209344322D-09 -3.1723753649121124D-10
2448080.5 -1.4696411945253188D-10 -3.2432943793432083D-10
2448090.5 -3.3399182398448327D-09 -3.1129865105318356D-10
2448100.5 -6.3715348720247746D-09 -2.9628764039510339D-10
2448110.5 -9.2503840652882210D-09 -2.7682253854909690D-10
2448120.5 -1.1837058613623277D-08 -2.3813111351411296D-10
2448130.5 -1.4023466833410890D-08 -2.0043694708156421D-10
2448140.5 -1.5836494816134994D-08 -1.5981913743901309D-10
2448150.5 -1.7156198682447883D-08 -1.0279511894908233D-10
2448160.5 -1.7917993808877213D-08 -5.1227348487927607D-11
2448170.5 -1.8183764862261634D-08 -8.8272423981685488D-15
2448180.5 -1.7868439956279011D-08  6.3067239598653703D-11
2448190.5 -1.6964955768352327D-08  1.1528986157819427D-10
2448200.5 -1.5580918914752688D-08  1.6299153103100987D-10
2448210.5 -1.3674159336538032D-08  2.1707207994957845D-10
2448220.5 -1.1298070536909384D-08  2.5503970112544797D-10
2448230.5 -8.6045010186536670D-09  2.8482950802093567D-10
2448240.5 -5.5888487801087707D-09  3.1613538706898936D-10
2448250.5 -2.3514248743044958D-09  3.2768843343077990D-10
2448260.5  9.2945552758130751D-10  3.2959089337637422D-10
2448270.5  4.2419585797955007D-09  3.3049731619426530D-10
2448280.5  7.4673470772704877D-09  3.1083541947452245D-10
2448290.5  1.0431343558045755D-08  2.8334775742303493D-10
2448300.5  1.3136039427287741D-08  2.5555551060405076D-10
2448310.5  1.5476917269814034D-08  2.0935998772449357D-10
2448320.5  1.7315248092221178D-08  1.6022495890939784D-10
2448330.5  1.8692994942757403D-08  1.1404952021232770D-10
2448340.5  1.9542645307650457D-08  5.3578905973161685D-11
2448350.5  1.9780779478155680D-08 -3.4248919311603552D-12
2448360.5  1.9499886519248471D-08 -5.3232354216444075D-11
2448370.5  1.8675173888357596D-08 -1.1281033787510325D-10
2448380.5  1.7281619993237911D-08 -1.6284813375050016D-10
2448390.5  1.5457050159190403D-08 -2.0201205199647903D-10
2448400.5  1.3210788045194002D-08 -2.4718265450918686D-10
2448410.5  1.0566153794545774D-08 -2.7832563073757341D-10
2448420.5  7.6915527510123094D-09 -2.9643292472981446D-10
2448430.5  4.6141514543319807D-09 -3.1813897554749113D-10
2448440.5  1.3884651267476779D-09 -3.2339670172552711D-10
2448450.5 -1.8047949771736707D-09 -3.1542070149518526D-10
2448460.5 -4.9394601525232407D-09 -3.1022056198332227D-10
2448470.5 -7.9495388858598093D-09 -2.8820861422110411D-10
2448480.5 -1.0660967694645744D-08 -2.5489945764674425D-10
2448490.5 -1.3067500068364766D-08 -2.2522660959349783D-10
2448500.5 -1.5111499664713293D-08 -1.8023375254704998D-10
2448510.5 -1.6644524683133867D-08 -1.2802675873161300D-10
2448520.5 -1.7697957857342659D-08 -8.2018776119178434D-11
2448530.5 -1.8241004609925746D-08 -2.3790032511254705D-11
2448540.5 -1.8168622569288062D-08  3.5751890408317552D-11
2448550.5 -1.7563067686041711D-08  8.5196449837148914D-11
2448560.5 -1.6433096737722942D-08  1.4277220551204291D-10
2448570.5 -1.4727895557006235D-08  1.9500187145063616D-10
2448580.5 -1.2583806899723747D-08  2.3283753657334646D-10
2448590.5 -1.0050499723531202D-08  2.7483411366713777D-10
2448600.5 -7.1288273575336046D-09  3.0572374333795198D-10
2448610.5 -3.9978242530052546D-09  3.1900329262745997D-10
2448620.5 -7.3326166658386877D-10  3.3412279291017934D-10
2448630.5  2.6317975015767014D-09  3.3498355032699371D-10
2448640.5  5.9015144416062124D-09  3.1761007354183234D-10
2448650.5  9.0029728279111394D-09  3.0255475606104555D-10
2448660.5  1.1901376402534788D-08  2.7352261540910520D-10
2448670.5  1.4415941585220039D-08  2.2886123897992430D-10
2448680.5  1.6508483729466964D-08  1.8971303646475195D-10
2448690.5  1.8170702282423527D-08  1.3973268322155203D-10
2448700.5  1.9262014162138516D-08  7.9282414101297062D-11
2448710.5  1.9800162163826251D-08  2.8979117601561899D-11
2448720.5  1.9818023600642925D-08 -2.7741614719472579D-11
2448730.5  1.9225290260600659D-08 -8.8738844648478555D-11
2448740.5  1.8099415070965061D-08 -1.3512969709701012D-10
2448750.5  1.6513034819020957D-08 -1.8395970733501960D-10
2448760.5  1.4421323032478459D-08 -2.3134529005980773D-10
2448770.5  1.1950510143850523D-08 -2.6095638606990169D-10
2448780.5  9.2002492479593658D-09 -2.9058269358084216D-10
2448790.5  6.1572450510241237D-09 -3.1450207091161576D-10
2448800.5  2.9780271130659313D-09 -3.1919174297997493D-10
2448810.5 -2.2876837078988842D-10 -3.2347375330285239D-10
2448820.5 -3.4624917685610862D-09 -3.1972567694786001D-10
2448830.5 -6.5567910130321825D-09 -2.9706230675077955D-10
2448840.5 -9.4140160994091310D-09 -2.7561608712526456D-10
2448850.5 -1.2037866086829566D-08 -2.4592007227234348D-10
2448860.5 -1.4272220179777501D-08 -1.9941075610499118D-10
2448870.5 -1.6050699650178281D-08 -1.5759237592592248D-10
2448880.5 -1.7398893603482452D-08 -1.0936503079561961D-10
2448890.5 -1.8189367361841612D-08 -4.8199839285527073D-11
2448900.5 -1.8405201232817686D-08  3.4260184668272652D-12
2448910.5 -1.8108498802791175D-08  5.7916269859109212D-11
2448920.5 -1.7214474737048806D-08  1.2007224270148033D-10
2448930.5 -1.5766852955183441D-08  1.6732499223138331D-10
2448940.5 -1.3871356938358529D-08  2.1315324855450605D-10
2448950.5 -1.1489616993034321D-08  2.6103927122716619D-10
2448960.5 -8.7237685662972290D-09  2.8944700451421923D-10
2448970.5 -5.7166365641098839D-09  3.1303368929173379D-10
2448980.5 -2.4644312387204096D-09  3.3434046889223950D-10
2448990.5  8.9150270670668911D-10  3.3386610954493506D-10
2449000.5  4.1937700744656911D-09  3.2778487236598741D-10
2449010.5  7.4378567510731750D-09  3.1775414651523422D-10
2449020.5  1.0474741224428049D-08  2.8681373907691491D-10
2449030.5  1.3164316930075296D-08  2.5285909824825926D-10
2449040.5  1.5524046389440205D-08  2.1626537414943682D-10
2449050.5  1.7428509553015241D-08  1.6244774182380455D-10
2449060.5  1.8782767690418450D-08  1.1087734202356409D-10
2449070.5  1.9647143798348349D-08  6.0013959788351099D-11
2449080.5  1.9938619462253939D-08 -2.9742205629531089D-12
2449090.5  1.9621163981035819D-08 -5.7451432399052464D-11
2449100.5  1.8802727197606492D-08 -1.0736496922393005D-10
2449110.5  1.7444533252921744D-08 -1.6450292319500575D-10
2449120.5  1.5567105495078568D-08 -2.0758737946832562D-10
2449130.5  1.3316660531141373D-08 -2.4303599469993921D-10
2449140.5  1.0687519416205532D-08 -2.8203406289587950D-10
2449150.5  7.7440825899400953D-09 -3.0317529265046819D-10
2449160.5  4.6543511386849626D-09 -3.1512919871485578D-10
2449170.5  1.4278794245452517D-09 -3.2860404181290816D-10
2449180.5 -1.8448194081857188D-09 -3.2258158645492515D-10
2449190.5 -4.9931968559739897D-09 -3.0775018719818811D-10
2449200.5 -8.0124826333657966D-09 -2.9408881835840132D-10
2449210.5 -1.0805552807841104D-08 -2.6149186201889022D-10
2449220.5 -1.3219002778178473D-08 -2.2257071821899759D-10
2449230.5 -1.5272155346823526D-08 -1.8605948595771784D-10
2449240.5 -1.6881107905772867D-08 -1.3322917644440692D-10
2449250.5 -1.7928458512695236D-08 -7.8583506570549362D-11
2449260.5 -1.8474214189707857D-08 -2.9065266048450056D-11
2449270.5 -1.8465721293311229D-08  3.2536661791831608D-11
2449280.5 -1.7836702812659778D-08  8.9932592064666127D-11
2449290.5 -1.6698446621465719D-08  1.3841580993323277D-10
2449300.5 -1.5040617214860534D-08  1.9408226319347867D-10
2449310.5 -1.2854018887491011D-08  2.3913435168638115D-10
2449320.5 -1.0300389129059122D-08  2.7149701146650045D-10
2449330.5 -7.4087976584345998D-09  3.0696357588369643D-10
2449340.5 -4.2183156223074157D-09  3.2669898444380086D-10
2449350.5 -9.2432026199727917D-10  3.3158668054694566D-10
2449360.5  2.4249627863465774D-09  3.3785615931821501D-10
2449370.5  5.7661866420790319D-09  3.2617711996102164D-10
2449380.5  8.9006998170989598D-09  3.0040775721199509D-10
2449390.5  1.1792631095613458D-08  2.7735982038647593D-10
2449400.5  1.4385037424018178D-08  2.3761838665408158D-10
2449410.5  1.6508441471900722D-08  1.8755266128595253D-10
2449420.5  1.8168289347175231D-08  1.4394556906649134D-10
2449430.5  1.9338324927914709D-08  8.7509636094443954D-11
2449440.5  1.9899404804702289D-08  2.6377909080721953D-11
2449450.5  1.9912982752330387D-08 -2.3735686421600773D-11
2449460.5  1.9393052114771284D-08 -8.1901866148390878D-11
2449470.5  1.8274932873833002D-08 -1.3883816527446161D-10
2449480.5  1.6674359363502690D-08 -1.8086137242231290D-10
2449490.5  1.4640873343809624D-08 -2.2684407845356785D-10
2449500.5  1.2154834906676695D-08 -2.6654221779715476D-10
2449510.5  9.3732529595084504D-09 -2.8895413204643348D-10
2449520.5  6.3672770762683403D-09 -3.1292888491144387D-10
2449530.5  3.1460367975588815D-09 -3.2703334838634499D-10
2449540.5 -1.1082160199476738D-10 -3.2334342104748753D-10
2449550.5 -3.3290776786896250D-09 -3.2093791016728045D-10
2449560.5 -6.4890445281805681D-09 -3.0684257424177445D-10
2449570.5 -9.4093645352328951D-09 -2.7637750427569691D-10
2449580.5 -1.2032781752817352D-08 -2.4902937374532451D-10
2449590.5 -1.4347099226156324D-08 -2.1016597587480362D-10
2449600.5 -1.6190471272104010D-08 -1.5819386766163483D-10
2449610.5 -1.7541999998727084D-08 -1.1301954217917746D-10
2449620.5 -1.8413973743634117D-08 -5.8568748533841493D-11
2449630.5 -1.8682944921240807D-08  4.1828387175620485D-12
2449640.5 -1.8380311944018537D-08  5.5147092346805740D-11
2449650.5 -1.7556131183677689D-08  1.1152269463084370D-10
2449660.5 -1.6137131758927915D-08  1.7051153317257739D-10
2449670.5 -1.4214485584441790D-08  2.1244222211105062D-10
2449680.5 -1.1879866431131204D-08  2.5547776279286737D-10
2449690.5 -9.1091325745191164D-09  2.9571489206809879D-10
2449700.5 -6.0468369924428751D-09  3.1484419489959154D-10
2449710.5 -2.8149903506499333D-09  3.3209661023140648D-10
2449720.5  5.7915684149180253D-10  3.4295933749984833D-10
2449730.5  3.9612456190668866D-09  3.3153259665715841D-10
2449740.5  7.2061413908720526D-09  3.1818351938505289D-10
2449750.5  1.0305247865441853D-08  2.9771211326623901D-10
2449760.5  1.3087843651910177D-08  2.5727807034430473D-10
2449770.5  1.5457883590751907D-08  2.1813396446880967D-10
2449780.5  1.7434630167240304D-08  1.7382100669331663D-10
2449790.5  1.8880520728078503D-08  1.1455884106199310D-10
2449800.5  1.9751873306417537D-08  6.1959069888229861D-11
2449810.5  2.0112106624453500D-08  7.6269692841968378D-12
2449820.5  1.9871326437071791D-08 -5.5729876044487509D-11
2449830.5  1.9045072995383137D-08 -1.0661253964901946D-10
2449840.5  1.7740725538374550D-08 -1.5576741652648617D-10
2449850.5  1.5913782781731600D-08 -2.0876340290961469D-10
2449860.5  1.3631803042902094D-08 -2.4444418534658631D-10
2449870.5  1.1033826464165817D-08 -2.7598160801586523D-10
2449880.5  8.1071915997374786D-09 -3.0778422828511275D-10
2449890.5  4.9567703383762253D-09 -3.1921447041007534D-10
2449900.5  1.7351503062057758D-09 -3.2566540388496149D-10
2449910.5 -1.5569007013895152D-09 -3.3060206798314997D-10
2449920.5 -4.7949014497608233D-09 -3.1429813814135544D-10
2449930.5 -7.8326151815428058D-09 -2.9397509648960843D-10
2449940.5 -1.0675549561326336D-08 -2.7210392450186716D-10
2449950.5 -1.3198979584516046D-08 -2.3045925429711024D-10
2449960.5 -1.5282799290604061D-08 -1.8764760638736056D-10
2449970.5 -1.6958086728252197D-08 -1.4490747780492910D-10
2449980.5 -1.8119752357781360D-08 -8.6028041582980920D-11
2449990.5 -1.8691616695764870D-08 -3.0644568976979458D-11
2450000.5 -1.8746870097865264D-08  2.1644255027780767D-11
2450010.5 -1.8217085821329985D-08  8.4880108339789439D-11
2450020.5 -1.7082372126612940D-08  1.3868172550979649D-10
2450030.5 -1.5467115339163936D-08  1.8565471632089565D-10
2450040.5 -1.3347495151007763D-08  2.3802133303177618D-10
2450050.5 -1.0761270072279348D-08  2.7498156736203374D-10
2450060.5 -7.8791816859034864D-09  3.0197756611123452D-10
2450070.5 -4.7143343291056319D-09  3.3013527809342983D-10
2450080.5 -1.3478026635153508D-09  3.3863977545408422D-10
2450090.5  2.0254774702127273D-09  3.3620735439003451D-10
2450100.5  5.3797039645421503D-09  3.3352895857134473D-10
2450110.5  8.6185120735971369D-09  3.1013720612101878D-10
2450120.5  1.1556466983257925D-08  2.7788435391909935D-10
2450130.5  1.4186966395194569D-08  2.4719950237580213D-10
2450140.5  1.6429223348551691D-08  1.9815350803105152D-10
2450150.5  1.8138600890861697D-08  1.4491570480462578D-10
2450160.5  1.9353246053592820D-08  9.7281844059099564D-11
2450170.5  2.0028601733008861D-08  3.5880543971992221D-11
2450180.5  2.0077368663723771D-08 -2.3884881181539755D-11
2450190.5  1.9592388204357093D-08 -7.3533339930189297D-11
2450200.5  1.8569672117487776D-08 -1.3187888432530704D-10
2450210.5  1.6978438712419532D-08 -1.8305857276409073D-10
2450220.5  1.4960652175430075D-08 -2.2067473231287948D-10
2450230.5  1.2543787482078404D-08 -2.6286113047783487D-10
2450240.5  9.7409246651277761D-09 -2.9355269825227673D-10
2450250.5  6.7276340557538004D-09 -3.0913130225743581D-10
2450260.5  3.5468422487671920D-09 -3.2686025232640512D-10
2450270.5  2.3762209852800532D-10 -3.3039947377567768D-10
2450280.5 -3.0111473425084505D-09 -3.1938050665601596D-10
2450290.5 -6.1594771606370760D-09 -3.1012663386255210D-10
2450300.5 -9.1614122831046168D-09 -2.8579653749094715D-10
2450310.5 -1.1835935037824610D-08 -2.4936148030194515D-10
2450320.5 -1.4164120629413541D-08 -2.1637587067118574D-10
2450330.5 -1.6111678346790025D-08 -1.6933298038928046D-10
2450340.5 -1.7525963596516775D-08 -1.1431527709309762D-10
2450350.5 -1.8426905086811834D-08 -6.6379431137144047D-11
2450360.5 -1.8808896333139266D-08 -7.2683662640797376D-12
2450370.5 -1.8565108093664069D-08  5.4380528518798780D-11
2450380.5 -1.7768739152365873D-08  1.0396708325825372D-10
2450390.5 -1.6453990095815887D-08  1.6055307652365940D-10
2450400.5 -1.4568953777530542D-08  2.1376002981985991D-10
2450410.5 -1.2244740518408294D-08  2.4987301623855726D-10
2450420.5 -9.5542531216878902D-09  2.8880613636256826D-10
2450430.5 -6.4951251459140659D-09  3.1934047615772917D-10
2450440.5 -3.2447164159417350D-09  3.2952319041801123D-10
2450450.5  1.0272755974614768D-10  3.4004524913034947D-10
2450460.5  3.5220591580602934D-09  3.3953827772046444D-10
2450470.5  6.8176861791221039D-09  3.1871288100666840D-10
2450480.5  9.9036374997158527D-09  2.9868623567803334D-10
2450490.5  1.2759059378598390D-08  2.6810318678354136D-10
2450500.5  1.5204310299401429D-08  2.2073434875763155D-10
2450510.5  1.7191446823062777D-08  1.7755925301608596D-10
2450520.5  1.8731709657839630D-08  1.2675522831089916D-10
2450530.5  1.9687163128676377D-08  6.4957814957153608D-11
2450540.5  2.0065696886134101D-08  1.2487428066084342D-11
2450550.5  1.9923275528923144D-08 -4.3804671867564806D-11
2450560.5  1.9172774390964084D-08 -1.0484737490883182D-10
2450570.5  1.7879750664329156D-08 -1.5130758072255717D-10
2450580.5  1.6140594501587866D-08 -1.9838899643950915D-10
2450590.5  1.3913108948953459D-08 -2.4497806937357954D-10
2450600.5  1.1310020199039996D-08 -2.7291522659227900D-10
2450610.5  8.4525033260283862D-09 -2.9967215306596492D-10
2450620.5  5.3287004509728436D-09 -3.2246959911788426D-10
2450630.5  2.0814970420771568D-09 -3.2448206947291541D-10
2450640.5 -1.1632487495456275D-09 -3.2512801125196414D-10
2450650.5 -4.4053281494687134D-09 -3.2037003873072643D-10
2450660.5 -7.4911444042959116D-09 -2.9493501629907685D-10
2450670.5 -1.0310322531647710D-08 -2.6957901678913296D-10
2450680.5 -1.2870014057604280D-08 -2.3933793385542871D-10
2450690.5 -1.5025637739493749D-08 -1.9077561620504418D-10
2450700.5 -1.6700728386925925D-08 -1.4537960397434747D-10
2450710.5 -1.7928790146719613D-08 -9.7349796704529506D-11
2450720.5 -1.8592639235029266D-08 -3.5346630704886986D-11
2450730.5 -1.8665299934474562D-08  1.8854760955701415D-11
2450740.5 -1.8222333725382747D-08  7.2195776449909892D-11
2450750.5 -1.7187850667302800D-08  1.3383147937667830D-10
2450760.5 -1.5593662776128801D-08  1.8206351273300116D-10
2450770.5 -1.3563806955467616D-08  2.2571363518855592D-10
2450780.5 -1.1067258537521618D-08  2.7192319449893735D-10
2450790.5 -8.1913635414284150D-09  2.9952747498037309D-10
2450800.5 -5.0990486171677106D-09  3.2009634469727223D-10
2450810.5 -1.7921090740592039D-09  3.3916568267514131D-10
2450820.5  1.6063824398343923D-09  3.3660221234651357D-10
2450830.5  4.9210777003447588D-09  3.2717317717370864D-10
2450840.5  8.1437844034941771D-09  3.1527396120345297D-10
2450850.5  1.1147037040130524D-08  2.8199258361843954D-10
2450860.5  1.3776766302143149D-08  2.4496077175251093D-10
2450870.5  1.6048238843286440D-08  2.0765777698061155D-10
2450880.5  1.7858826188055891D-08  1.5220302053519492D-10
2450890.5  1.9102943635032930D-08  9.8239705329957777D-11
2450900.5  1.9840699959918830D-08  4.8168072741239932D-11
2450910.5  2.0010359869124818D-08 -1.5167440139797601D-11
2450920.5  1.9566519333951942D-08 -7.1162664166119402D-11
2450930.5  1.8619599136522863D-08 -1.1899171125432560D-10
2450940.5  1.7148113997216533D-08 -1.7508894928165047D-10
2450950.5  1.5162662038604654D-08 -2.1877357244480513D-10
2450960.5  1.2815222280150452D-08 -2.5136003238710405D-10
2450970.5  1.0112529742612482D-08 -2.8820760975989344D-10
2450980.5  7.1067865140723805D-09 -3.0911749699555836D-10
2450990.5  3.9744844409590163D-09 -3.1804141483793962D-10
2451000.5  7.3375224503188124D-10 -3.2882746577723759D-10
2451010.5 -2.5406958257779820D-09 -3.2196607009663744D-10
2451020.5 -5.6682529624955304D-09 -3.0440171607110474D-10
2451030.5 -8.6373677378862117D-09 -2.8824656642350552D-10
2451040.5 -1.1371266335936744D-08 -2.5460555089482997D-10
2451050.5 -1.3706293754137548D-08 -2.1354927630695473D-10
2451060.5 -1.5655467403597789D-08 -1.7554252142278527D-10
2451070.5 -1.7159609411522107D-08 -1.2202864508418057D-10
2451080.5 -1.8091711663745127D-08 -6.6049523078531555D-11
2451090.5 -1.8505806831990772D-08 -1.6653155506564125D-11
2451100.5 -1.8376157261062885D-08  4.4743415932133068D-11
2451110.5 -1.7627494533599524D-08  1.0259973016336756D-10
2451120.5 -1.6365870563336997D-08  1.4922832086968474D-10
2451130.5 -1.4606541376870618D-08  2.0352946589496689D-10
2451140.5 -1.2331280552035097D-08  2.4831604180834644D-10
2451150.5 -9.6976568839827377D-09  2.7756468329834292D-10
2451160.5 -6.7560301058818703D-09  3.1060023123377352D-10
2451170.5 -3.5350758041175571D-09  3.2973139031671168D-10
2451180.5 -2.2716991992323661D-10  3.3112266955724950D-10
2451190.5  3.1036341246617208D-09  3.3439192482358421D-10
2451200.5  6.4077004598827270D-09  3.2229773169919957D-10
2451210.5  9.4878009775284787D-09  2.9360085788278527D-10
2451220.5  1.2296887397927924D-08  2.6776151606315083D-10
2451230.5  1.4796532860006957D-08  2.2823053701781950D-10
2451240.5  1.6816086092660194D-08  1.7647567530662356D-10
2451250.5  1.8352552508441699D-08  1.3105190663830132D-10
2451260.5  1.9402863313142566D-08  7.5618442536083333D-11
2451270.5  1.9843327705589327D-08  1.4228232657831046D-11
2451280.5  1.9727786238675271D-08 -3.6248474039131875D-11
2451290.5  1.9096155112649636D-08 -9.2707719131079360D-11
2451300.5  1.7876263390660948D-08 -1.4872991100693577D-10
2451310.5  1.6175645393720602D-08 -1.8960712951465737D-10
2451320.5  1.4069614790747450D-08 -2.3338829183412984D-10
2451330.5  1.1529477568546107D-08 -2.7157190996624674D-10
2451340.5  8.7025808592396453D-09 -2.9170400568873218D-10
2451350.5  5.6831871972691737D-09 -3.1320536804450543D-10
2451360.5  2.4710046978068382D-09 -3.2589594273173982D-10
2451370.5 -7.6532763326299743D-10 -3.1944522520775892D-10
2451380.5 -3.9322910989519541D-09 -3.1448753791428597D-10
2451390.5 -7.0200400855611130D-09 -2.9968231028724250D-10
2451400.5 -9.8581646754791200D-09 -2.6668383179308319D-10
2451410.5 -1.2373950918679636D-08 -2.3693648432480340D-10
2451420.5 -1.4566874924928170D-08 -1.9841358699265735D-10
2451430.5 -1.6283952101194699D-08 -1.4478448743804735D-10
2451440.5 -1.7492578482423851D-08 -9.7786016742952824D-11
2451450.5 -1.8220645156000332D-08 -4.4915560262053397D-11
2451460.5 -1.8350304873517077D-08  1.7989153598699727D-11
2451470.5 -1.7904367304695390D-08  6.9622472519669454D-11
2451480.5 -1.6952660821880205D-08  1.2316254609027040D-10
2451490.5 -1.5423559975329628D-08  1.8053906341225197D-10
2451500.5 -1.3400353498873594D-08  2.2168821356167382D-10
2451510.5 -1.0996677311740372D-08  2.6095680229469519D-10
2451520.5 -8.1857774268586337D-09  2.9831279200156801D-10
2451530.5 -5.1010725672061132D-09  3.1559315627185956D-10
2451540.5 -1.8857604889444930D-09  3.2894553436463084D-10
2451550.5  1.4593886445558970D-09  3.3688858553751077D-10
2451560.5  4.7764422773828476D-09  3.2338926926441476D-10
2451570.5  7.9210669470138822D-09  3.0686549388044169D-10
2451580.5  1.0893800432314749D-08  2.8473598176861805D-10
2451590.5  1.3544490971386323D-08  2.4284249801938626D-10
2451600.5  1.5760078804118918D-08  2.0181396937514164D-10
2451610.5  1.7570304928114020D-08  1.5790251415647022D-10
2451620.5  1.8858460044450225D-08  9.8308138798919217D-11
2451630.5  1.9565933013036978D-08  4.5189857073722701D-11
2451640.5  1.9766788642427629D-08 -6.6691292013098375D-12
2451650.5  1.9388085149296729D-08 -6.9104952073153360D-11
2451660.5  1.8432512033977403D-08 -1.1946597441172694D-10
2451670.5  1.7017679421481491D-08 -1.6468577886889570D-10
2451680.5  1.5109868791925760D-08 -2.1565885235648071D-10
2451690.5  1.2765209990106885D-08 -2.5026800550111037D-10
2451700.5  1.0132763402272926D-08 -2.7727232382311770D-10
2451710.5  7.2044581473803372D-09 -3.0633800942553839D-10
2451720.5  4.0732470317457159D-09 -3.1661411424595041D-10
2451730.5  9.0233751494142259D-10 -3.1877483298261914D-10
2451740.5 -2.3079944034649245D-09 -3.2092244959979556D-10
2451750.5 -5.4480643924851420D-09 -3.0375897223098480D-10
2451760.5 -8.3595809799198156D-09 -2.8008922446465219D-10
2451770.5 -1.1052209342092947D-08 -2.5621502644985709D-10
2451780.5 -1.3419980789947821D-08 -2.1428538767464282D-10
2451790.5 -1.5329271145969980D-08 -1.6955672675786411D-10
2451800.5 -1.6817523668319033D-08 -1.2638037928936471D-10
2451810.5 -1.7801524756195159D-08 -6.8052707265159653D-11
2451820.5 -1.8191307819923693D-08 -1.2404430714966642D-11
2451830.5 -1.8066988421813019D-08  3.8250788050082800D-11
2451840.5 -1.7382945788581917D-08  9.9832744817726132D-11
2451850.5 -1.6106610009499608D-08  1.5236317385935312D-10
2451860.5 -1.4367964667318258D-08  1.9560807744329196D-10
2451870.5 -1.2164148115087402D-08  2.4515172596467014D-10
2451880.5 -9.5210814828194794D-09  2.7988083004269239D-10
2451890.5 -6.6120797178239022D-09  3.0171548076869165D-10
2451900.5 -3.4664714994199991D-09  3.2634907305278321D-10
2451910.5 -1.5197998905793505D-10  3.3272381406993239D-10
2451920.5  3.1371515584451639D-09  3.2501825938237788D-10
2451930.5  6.3655069331417495D-09  3.1913207011867150D-10
2451940.5  9.4538389501718738D-09  2.9487042361675246D-10
2451950.5  1.2218383251395180D-08  2.5868479322626352D-10
2451960.5  1.4649184511111119D-08  2.2616292502006593D-10
2451970.5  1.6686365545895571D-08  1.7813107863062526D-10
2451980.5  1.8184375538215508D-08  1.2320701066129631D-10
2451990.5  1.9181935890553300D-08  7.5662784637945617D-11
2452000.5  1.9657515710755392D-08  1.7013488727304921D-11
